<?xml version="1.0" encoding="UTF-8"?>
<coverage generated="1750642006491" clover="3.2.0">
  <project timestamp="1750642006491" name="All files">
    <metrics statements="490" coveredstatements="385" conditionals="248" coveredconditionals="154" methods="106" coveredmethods="82" elements="844" coveredelements="621" complexity="0" loc="490" ncloc="490" packages="7" files="10" classes="10"/>
    <package name="src">
      <metrics statements="25" coveredstatements="23" conditionals="20" coveredconditionals="15" methods="3" coveredmethods="3"/>
      <file name="NativeDlScan.ts" path="/Users/shan/dev/iotashan/react-native-dl-scan/src/NativeDlScan.ts">
        <metrics statements="0" coveredstatements="0" conditionals="0" coveredconditionals="0" methods="0" coveredmethods="0"/>
      </file>
      <file name="index.tsx" path="/Users/shan/dev/iotashan/react-native-dl-scan/src/index.tsx">
        <metrics statements="25" coveredstatements="23" conditionals="20" coveredconditionals="15" methods="3" coveredmethods="3"/>
        <line num="35" count="11" type="stmt"/>
        <line num="37" count="11" type="stmt"/>
        <line num="39" count="11" type="cond" truecount="4" falsecount="0"/>
        <line num="40" count="9" type="stmt"/>
        <line num="41" count="2" type="cond" truecount="1" falsecount="1"/>
        <line num="42" count="2" type="stmt"/>
        <line num="44" count="0" type="stmt"/>
        <line num="47" count="2" type="cond" truecount="1" falsecount="1"/>
        <line num="48" count="2" type="stmt"/>
        <line num="52" count="0" type="stmt"/>
        <line num="66" count="277" type="stmt"/>
        <line num="67" count="277" type="stmt"/>
        <line num="69" count="273" type="cond" truecount="4" falsecount="0"/>
        <line num="70" count="265" type="stmt"/>
        <line num="71" count="8" type="cond" truecount="2" falsecount="0"/>
        <line num="72" count="6" type="stmt"/>
        <line num="74" count="2" type="stmt"/>
        <line num="77" count="12" type="cond" truecount="2" falsecount="0"/>
        <line num="78" count="6" type="stmt"/>
        <line num="82" count="6" type="stmt"/>
        <line num="100" count="24" type="stmt"/>
        <line num="101" count="24" type="stmt"/>
        <line num="102" count="24" type="stmt"/>
        <line num="103" count="24" type="stmt"/>
        <line num="104" count="24" type="stmt"/>
      </file>
    </package>
    <package name="src.components">
      <metrics statements="59" coveredstatements="2" conditionals="38" coveredconditionals="0" methods="13" coveredmethods="0"/>
      <file name="CameraScanner.tsx" path="/Users/shan/dev/iotashan/react-native-dl-scan/src/components/CameraScanner.tsx">
        <metrics statements="59" coveredstatements="2" conditionals="38" coveredconditionals="0" methods="13" coveredmethods="0"/>
        <line num="26" count="5" type="stmt"/>
        <line num="30" count="0" type="stmt"/>
        <line num="31" count="0" type="stmt"/>
        <line num="32" count="0" type="stmt"/>
        <line num="33" count="0" type="stmt"/>
        <line num="34" count="0" type="stmt"/>
        <line num="35" count="0" type="stmt"/>
        <line num="37" count="0" type="stmt"/>
        <line num="39" count="0" type="cond" truecount="0" falsecount="2"/>
        <line num="40" count="0" type="stmt"/>
        <line num="41" count="0" type="stmt"/>
        <line num="42" count="0" type="stmt"/>
        <line num="48" count="0" type="stmt"/>
        <line num="49" count="0" type="cond" truecount="0" falsecount="4"/>
        <line num="50" count="0" type="stmt"/>
        <line num="51" count="0" type="cond" truecount="0" falsecount="2"/>
        <line num="52" count="0" type="stmt"/>
        <line num="53" count="0" type="stmt"/>
        <line num="54" count="0" type="stmt"/>
        <line num="62" count="0" type="stmt"/>
        <line num="64" count="0" type="stmt"/>
        <line num="67" count="0" type="stmt"/>
        <line num="68" count="0" type="stmt"/>
        <line num="69" count="0" type="stmt"/>
        <line num="70" count="0" type="stmt"/>
        <line num="73" count="0" type="stmt"/>
        <line num="74" count="0" type="stmt"/>
        <line num="75" count="0" type="cond" truecount="0" falsecount="2"/>
        <line num="78" count="0" type="stmt"/>
        <line num="83" count="0" type="cond" truecount="0" falsecount="2"/>
        <line num="84" count="0" type="stmt"/>
        <line num="87" count="0" type="stmt"/>
        <line num="88" count="0" type="stmt"/>
        <line num="91" count="0" type="stmt"/>
        <line num="92" count="0" type="stmt"/>
        <line num="93" count="0" type="stmt"/>
        <line num="97" count="0" type="cond" truecount="0" falsecount="2"/>
        <line num="98" count="0" type="stmt"/>
        <line num="102" count="0" type="cond" truecount="0" falsecount="4"/>
        <line num="103" count="0" type="stmt"/>
        <line num="104" count="0" type="stmt"/>
        <line num="105" count="0" type="cond" truecount="0" falsecount="2"/>
        <line num="107" count="0" type="cond" truecount="0" falsecount="2"/>
        <line num="111" count="0" type="stmt"/>
        <line num="112" count="0" type="stmt"/>
        <line num="116" count="0" type="cond" truecount="0" falsecount="2"/>
        <line num="117" count="0" type="stmt"/>
        <line num="121" count="0" type="stmt"/>
        <line num="127" count="0" type="stmt"/>
        <line num="128" count="0" type="stmt"/>
        <line num="135" count="0" type="stmt"/>
        <line num="142" count="0" type="cond" truecount="0" falsecount="2"/>
        <line num="143" count="0" type="stmt"/>
        <line num="152" count="0" type="cond" truecount="0" falsecount="2"/>
        <line num="153" count="0" type="stmt"/>
        <line num="167" count="0" type="cond" truecount="0" falsecount="2"/>
        <line num="168" count="0" type="stmt"/>
        <line num="175" count="0" type="stmt"/>
        <line num="204" count="5" type="stmt"/>
      </file>
    </package>
    <package name="src.frameProcessors">
      <metrics statements="9" coveredstatements="9" conditionals="9" coveredconditionals="9" methods="1" coveredmethods="1"/>
      <file name="scanLicense.ts" path="/Users/shan/dev/iotashan/react-native-dl-scan/src/frameProcessors/scanLicense.ts">
        <metrics statements="9" coveredstatements="9" conditionals="9" coveredconditionals="9" methods="1" coveredmethods="1"/>
        <line num="6" count="11" type="stmt"/>
        <line num="26" count="96" type="cond" truecount="2" falsecount="0"/>
        <line num="27" count="1" type="stmt"/>
        <line num="31" count="95" type="stmt"/>
        <line num="34" count="95" type="cond" truecount="2" falsecount="0"/>
        <line num="35" count="1" type="stmt"/>
        <line num="39" count="94" type="cond" truecount="5" falsecount="0"/>
        <line num="40" count="93" type="stmt"/>
        <line num="44" count="1" type="stmt"/>
      </file>
    </package>
    <package name="src.hooks">
      <metrics statements="112" coveredstatements="108" conditionals="55" coveredconditionals="45" methods="23" coveredmethods="22"/>
      <file name="useErrorHandler.ts" path="/Users/shan/dev/iotashan/react-native-dl-scan/src/hooks/useErrorHandler.ts">
        <metrics statements="25" coveredstatements="25" conditionals="11" coveredconditionals="11" methods="6" coveredmethods="6"/>
        <line num="11" count="43" type="stmt"/>
        <line num="12" count="43" type="stmt"/>
        <line num="14" count="43" type="stmt"/>
        <line num="17" count="31" type="cond" truecount="2" falsecount="0"/>
        <line num="31" count="31" type="stmt"/>
        <line num="33" count="31" type="stmt"/>
        <line num="34" count="31" type="stmt"/>
        <line num="37" count="31" type="cond" truecount="5" falsecount="0"/>
        <line num="39" count="3" type="stmt"/>
        <line num="51" count="1" type="stmt"/>
        <line num="52" count="1" type="stmt"/>
        <line num="58" count="3" type="stmt"/>
        <line num="61" count="1" type="stmt"/>
        <line num="77" count="1" type="stmt"/>
        <line num="81" count="2" type="stmt"/>
        <line num="92" count="2" type="stmt"/>
        <line num="96" count="25" type="cond" truecount="4" falsecount="0"/>
        <line num="97" count="4" type="stmt"/>
        <line num="109" count="1" type="stmt"/>
        <line num="110" count="1" type="stmt"/>
        <line num="119" count="31" type="stmt"/>
        <line num="125" count="43" type="stmt"/>
        <line num="126" count="1" type="stmt"/>
        <line num="127" count="1" type="stmt"/>
        <line num="130" count="43" type="stmt"/>
      </file>
      <file name="useLicenseScanner.ts" path="/Users/shan/dev/iotashan/react-native-dl-scan/src/hooks/useLicenseScanner.ts">
        <metrics statements="87" coveredstatements="83" conditionals="44" coveredconditionals="34" methods="17" coveredmethods="16"/>
        <line num="53" count="78" type="stmt"/>
        <line num="54" count="78" type="stmt"/>
        <line num="55" count="78" type="stmt"/>
        <line num="56" count="78" type="cond" truecount="2" falsecount="0"/>
        <line num="57" count="78" type="stmt"/>
        <line num="60" count="78" type="stmt"/>
        <line num="61" count="78" type="stmt"/>
        <line num="63" count="78" type="stmt"/>
        <line num="65" count="78" type="stmt"/>
        <line num="68" count="78" type="stmt"/>
        <line num="69" count="34" type="stmt"/>
        <line num="71" count="20" type="stmt"/>
        <line num="73" count="20" type="cond" truecount="2" falsecount="0"/>
        <line num="74" count="13" type="stmt"/>
        <line num="75" count="7" type="cond" truecount="2" falsecount="0"/>
        <line num="76" count="6" type="stmt"/>
        <line num="77" count="1" type="cond" truecount="1" falsecount="1"/>
        <line num="78" count="1" type="stmt"/>
        <line num="80" count="20" type="stmt"/>
        <line num="83" count="5" type="stmt"/>
        <line num="84" count="5" type="stmt"/>
        <line num="85" count="5" type="stmt"/>
        <line num="88" count="11" type="stmt"/>
        <line num="89" count="11" type="stmt"/>
        <line num="90" count="11" type="stmt"/>
        <line num="92" count="11" type="stmt"/>
        <line num="95" count="0" type="stmt"/>
        <line num="98" count="0" type="cond" truecount="0" falsecount="2"/>
        <line num="99" count="0" type="stmt"/>
        <line num="114" count="34" type="stmt"/>
        <line num="126" count="34" type="stmt"/>
        <line num="131" count="34" type="stmt"/>
        <line num="132" count="34" type="cond" truecount="1" falsecount="1"/>
        <line num="133" count="34" type="stmt"/>
        <line num="143" count="78" type="stmt"/>
        <line num="145" count="29" type="cond" truecount="3" falsecount="0"/>
        <line num="146" count="29" type="cond" truecount="1" falsecount="1"/>
        <line num="147" count="0" type="stmt"/>
        <line num="155" count="29" type="stmt"/>
        <line num="156" count="29" type="stmt"/>
        <line num="157" count="29" type="stmt"/>
        <line num="158" count="29" type="stmt"/>
        <line num="159" count="29" type="stmt"/>
        <line num="160" count="29" type="stmt"/>
        <line num="162" count="29" type="cond" truecount="2" falsecount="0"/>
        <line num="164" count="29" type="cond" truecount="4" falsecount="0"/>
        <line num="165" count="5" type="stmt"/>
        <line num="167" count="24" type="stmt"/>
        <line num="170" count="29" type="stmt"/>
        <line num="176" count="29" type="stmt"/>
        <line num="177" count="29" type="stmt"/>
        <line num="181" count="21" type="stmt"/>
        <line num="183" count="21" type="stmt"/>
        <line num="192" count="11" type="cond" truecount="2" falsecount="0"/>
        <line num="201" count="11" type="stmt"/>
        <line num="203" count="11" type="stmt"/>
        <line num="210" count="28" type="stmt"/>
        <line num="217" count="78" type="stmt"/>
        <line num="219" count="9" type="stmt"/>
        <line num="225" count="78" type="stmt"/>
        <line num="227" count="2" type="stmt"/>
        <line num="233" count="78" type="stmt"/>
        <line num="235" count="6" type="stmt"/>
        <line num="241" count="78" type="stmt"/>
        <line num="242" count="2" type="cond" truecount="1" falsecount="1"/>
        <line num="243" count="2" type="stmt"/>
        <line num="245" count="2" type="stmt"/>
        <line num="246" count="2" type="stmt"/>
        <line num="247" count="2" type="stmt"/>
        <line num="251" count="78" type="stmt"/>
        <line num="253" count="2" type="cond" truecount="1" falsecount="1"/>
        <line num="254" count="2" type="stmt"/>
        <line num="255" count="2" type="stmt"/>
        <line num="261" count="78" type="stmt"/>
        <line num="262" count="2" type="stmt"/>
        <line num="263" count="2" type="stmt"/>
        <line num="264" count="2" type="stmt"/>
        <line num="265" count="2" type="cond" truecount="2" falsecount="0"/>
        <line num="266" count="2" type="stmt"/>
        <line num="267" count="2" type="stmt"/>
        <line num="268" count="2" type="stmt"/>
        <line num="269" count="2" type="stmt"/>
        <line num="270" count="2" type="cond" truecount="1" falsecount="1"/>
        <line num="271" count="2" type="stmt"/>
        <line num="275" count="78" type="stmt"/>
        <line num="276" count="2" type="stmt"/>
        <line num="279" count="78" type="stmt"/>
      </file>
    </package>
    <package name="src.test-utils">
      <metrics statements="12" coveredstatements="2" conditionals="2" coveredconditionals="0" methods="8" coveredmethods="1"/>
      <file name="mockOCRData.ts" path="/Users/shan/dev/iotashan/react-native-dl-scan/src/test-utils/mockOCRData.ts">
        <metrics statements="12" coveredstatements="2" conditionals="2" coveredconditionals="0" methods="8" coveredmethods="1"/>
        <line num="12" count="5" type="stmt"/>
        <line num="52" count="0" type="stmt"/>
        <line num="64" count="0" type="stmt"/>
        <line num="67" count="0" type="stmt"/>
        <line num="68" count="0" type="cond" truecount="0" falsecount="2"/>
        <line num="69" count="0" type="stmt"/>
        <line num="74" count="0" type="stmt"/>
        <line num="77" count="0" type="stmt"/>
        <line num="84" count="0" type="stmt"/>
        <line num="107" count="0" type="stmt"/>
        <line num="114" count="0" type="stmt"/>
        <line num="132" count="1" type="stmt"/>
      </file>
    </package>
    <package name="src.types">
      <metrics statements="0" coveredstatements="0" conditionals="0" coveredconditionals="0" methods="0" coveredmethods="0"/>
      <file name="license.ts" path="/Users/shan/dev/iotashan/react-native-dl-scan/src/types/license.ts">
        <metrics statements="0" coveredstatements="0" conditionals="0" coveredconditionals="0" methods="0" coveredmethods="0"/>
      </file>
    </package>
    <package name="src.utils">
      <metrics statements="273" coveredstatements="241" conditionals="124" coveredconditionals="85" methods="58" coveredmethods="55"/>
      <file name="FallbackController.ts" path="/Users/shan/dev/iotashan/react-native-dl-scan/src/utils/FallbackController.ts">
        <metrics statements="174" coveredstatements="155" conditionals="71" coveredconditionals="52" methods="39" coveredmethods="37"/>
        <line num="32" count="20" type="stmt"/>
        <line num="33" count="20" type="stmt"/>
        <line num="34" count="20" type="stmt"/>
        <line num="36" count="20" type="stmt"/>
        <line num="39" count="20" type="stmt"/>
        <line num="45" count="20" type="stmt"/>
        <line num="52" count="20" type="stmt"/>
        <line num="55" count="20" type="stmt"/>
        <line num="57" count="20" type="stmt"/>
        <line num="67" count="15" type="stmt"/>
        <line num="68" count="15" type="stmt"/>
        <line num="69" count="15" type="stmt"/>
        <line num="70" count="15" type="stmt"/>
        <line num="73" count="15" type="stmt"/>
        <line num="74" count="15" type="stmt"/>
        <line num="76" count="15" type="stmt"/>
        <line num="81" count="15" type="stmt"/>
        <line num="83" count="15" type="stmt"/>
        <line num="85" count="15" type="cond" truecount="4" falsecount="0"/>
        <line num="86" count="2" type="stmt"/>
        <line num="89" count="13" type="cond" truecount="2" falsecount="0"/>
        <line num="90" count="8" type="stmt"/>
        <line num="94" count="5" type="cond" truecount="2" falsecount="0"/>
        <line num="95" count="4" type="stmt"/>
        <line num="96" count="4" type="stmt"/>
        <line num="98" count="1" type="cond" truecount="1" falsecount="1"/>
        <line num="99" count="0" type="stmt"/>
        <line num="106" count="1" type="stmt"/>
        <line num="110" count="1" type="stmt"/>
        <line num="117" count="6" type="stmt"/>
        <line num="118" count="6" type="stmt"/>
        <line num="119" count="6" type="stmt"/>
        <line num="122" count="15" type="stmt"/>
        <line num="125" count="15" type="cond" truecount="3" falsecount="1"/>
        <line num="126" count="0" type="stmt"/>
        <line num="152" count="4" type="stmt"/>
        <line num="153" count="4" type="stmt"/>
        <line num="154" count="0" type="stmt"/>
        <line num="155" count="0" type="stmt"/>
        <line num="157" count="4" type="stmt"/>
        <line num="158" count="4" type="stmt"/>
        <line num="163" count="4" type="cond" truecount="2" falsecount="0"/>
        <line num="164" count="1" type="stmt"/>
        <line num="169" count="3" type="stmt"/>
        <line num="170" count="3" type="cond" truecount="2" falsecount="0"/>
        <line num="171" count="1" type="stmt"/>
        <line num="172" count="2" type="cond" truecount="1" falsecount="1"/>
        <line num="176" count="0" type="stmt"/>
        <line num="179" count="3" type="stmt"/>
        <line num="185" count="3" type="stmt"/>
        <line num="190" count="3" type="stmt"/>
        <line num="193" count="3" type="stmt"/>
        <line num="196" count="3" type="stmt"/>
        <line num="198" count="3" type="stmt"/>
        <line num="201" count="3" type="stmt"/>
        <line num="202" count="3" type="stmt"/>
        <line num="206" count="3" type="stmt"/>
        <line num="207" count="3" type="stmt"/>
        <line num="208" count="3" type="stmt"/>
        <line num="221" count="3" type="stmt"/>
        <line num="222" count="3" type="stmt"/>
        <line num="224" count="0" type="stmt"/>
        <line num="225" count="0" type="stmt"/>
        <line num="238" count="0" type="stmt"/>
        <line num="242" count="3" type="stmt"/>
        <line num="243" count="3" type="cond" truecount="3" falsecount="1"/>
        <line num="244" count="0" type="stmt"/>
        <line num="259" count="3" type="stmt"/>
        <line num="260" count="3" type="stmt"/>
        <line num="266" count="3" type="stmt"/>
        <line num="274" count="12" type="stmt"/>
        <line num="276" count="12" type="stmt"/>
        <line num="278" count="12" type="stmt"/>
        <line num="281" count="12" type="stmt"/>
        <line num="282" count="12" type="stmt"/>
        <line num="285" count="12" type="stmt"/>
        <line num="288" count="12" type="stmt"/>
        <line num="289" count="12" type="stmt"/>
        <line num="290" count="1" type="stmt"/>
        <line num="302" count="12" type="stmt"/>
        <line num="305" count="12" type="stmt"/>
        <line num="309" count="12" type="stmt"/>
        <line num="311" count="5" type="stmt"/>
        <line num="312" count="5" type="stmt"/>
        <line num="318" count="5" type="stmt"/>
        <line num="329" count="7" type="cond" truecount="2" falsecount="0"/>
        <line num="330" count="6" type="stmt"/>
        <line num="333" count="1" type="stmt"/>
        <line num="348" count="5" type="stmt"/>
        <line num="352" count="22" type="stmt"/>
        <line num="355" count="5" type="stmt"/>
        <line num="358" count="5" type="stmt"/>
        <line num="361" count="5" type="stmt"/>
        <line num="364" count="5" type="stmt"/>
        <line num="367" count="5" type="stmt"/>
        <line num="368" count="5" type="stmt"/>
        <line num="369" count="2" type="stmt"/>
        <line num="382" count="5" type="stmt"/>
        <line num="386" count="5" type="cond" truecount="2" falsecount="0"/>
        <line num="387" count="4" type="stmt"/>
        <line num="389" count="5" type="stmt"/>
        <line num="393" count="5" type="stmt"/>
        <line num="399" count="4" type="stmt"/>
        <line num="405" count="4" type="stmt"/>
        <line num="407" count="4" type="stmt"/>
        <line num="409" count="4" type="stmt"/>
        <line num="410" count="4" type="stmt"/>
        <line num="417" count="4" type="stmt"/>
        <line num="433" count="4" type="cond" truecount="1" falsecount="1"/>
        <line num="434" count="0" type="stmt"/>
        <line num="438" count="4" type="stmt"/>
        <line num="439" count="4" type="cond" truecount="2" falsecount="0"/>
        <line num="441" count="1" type="stmt"/>
        <line num="445" count="3" type="cond" truecount="2" falsecount="0"/>
        <line num="446" count="1" type="stmt"/>
        <line num="450" count="2" type="cond" truecount="1" falsecount="1"/>
        <line num="451" count="0" type="stmt"/>
        <line num="455" count="2" type="cond" truecount="1" falsecount="1"/>
        <line num="456" count="2" type="stmt"/>
        <line num="462" count="2" type="stmt"/>
        <line num="465" count="0" type="stmt"/>
        <line num="475" count="5" type="stmt"/>
        <line num="476" count="5" type="stmt"/>
        <line num="478" count="5" type="stmt"/>
        <line num="479" count="8" type="stmt"/>
        <line num="483" count="5" type="stmt"/>
        <line num="485" count="5" type="stmt"/>
        <line num="487" count="8" type="stmt"/>
        <line num="488" count="23" type="stmt"/>
        <line num="490" count="8" type="stmt"/>
        <line num="494" count="5" type="stmt"/>
        <line num="495" count="22" type="stmt"/>
        <line num="498" count="5" type="stmt"/>
        <line num="504" count="5" type="stmt"/>
        <line num="516" count="20" type="stmt"/>
        <line num="517" count="20" type="stmt"/>
        <line num="518" count="20" type="stmt"/>
        <line num="529" count="3" type="stmt"/>
        <line num="567" count="36" type="stmt"/>
        <line num="568" count="36" type="stmt"/>
        <line num="575" count="53" type="cond" truecount="1" falsecount="1"/>
        <line num="577" count="53" type="stmt"/>
        <line num="586" count="53" type="stmt"/>
        <line num="597" count="3" type="cond" truecount="1" falsecount="1"/>
        <line num="598" count="3" type="stmt"/>
        <line num="605" count="18" type="cond" truecount="1" falsecount="1"/>
        <line num="607" count="18" type="stmt"/>
        <line num="612" count="18" type="stmt"/>
        <line num="619" count="53" type="cond" truecount="6" falsecount="1"/>
        <line num="621" count="1" type="stmt"/>
        <line num="623" count="24" type="stmt"/>
        <line num="625" count="10" type="stmt"/>
        <line num="627" count="3" type="stmt"/>
        <line num="629" count="9" type="stmt"/>
        <line num="631" count="6" type="stmt"/>
        <line num="633" count="0" type="stmt"/>
        <line num="641" count="1" type="cond" truecount="1" falsecount="1"/>
        <line num="642" count="0" type="stmt"/>
        <line num="644" count="1" type="stmt"/>
        <line num="645" count="1" type="stmt"/>
        <line num="652" count="15" type="stmt"/>
        <line num="653" count="15" type="stmt"/>
        <line num="654" count="15" type="stmt"/>
        <line num="655" count="15" type="cond" truecount="1" falsecount="1"/>
        <line num="656" count="0" type="stmt"/>
        <line num="664" count="3" type="stmt"/>
        <line num="665" count="3" type="stmt"/>
        <line num="672" count="3" type="stmt"/>
        <line num="679" count="2" type="stmt"/>
        <line num="686" count="2" type="stmt"/>
        <line num="693" count="0" type="stmt"/>
        <line num="700" count="0" type="stmt"/>
        <line num="702" count="0" type="cond" truecount="0" falsecount="2"/>
        <line num="703" count="0" type="stmt"/>
      </file>
      <file name="logger.ts" path="/Users/shan/dev/iotashan/react-native-dl-scan/src/utils/logger.ts">
        <metrics statements="99" coveredstatements="86" conditionals="53" coveredconditionals="33" methods="19" coveredmethods="18"/>
        <line num="16" count="6" type="stmt"/>
        <line num="17" count="6" type="stmt"/>
        <line num="18" count="6" type="stmt"/>
        <line num="21" count="198" type="cond" truecount="2" falsecount="0"/>
        <line num="23" count="185" type="stmt"/>
        <line num="26" count="13" type="cond" truecount="4" falsecount="0"/>
        <line num="27" count="10" type="cond" truecount="2" falsecount="0"/>
        <line num="29" count="10" type="stmt"/>
        <line num="31" count="18" type="cond" truecount="2" falsecount="0"/>
        <line num="41" count="4" type="stmt"/>
        <line num="43" count="14" type="stmt"/>
        <line num="47" count="10" type="stmt"/>
        <line num="50" count="3" type="stmt"/>
        <line num="54" count="177" type="stmt"/>
        <line num="62" count="177" type="stmt"/>
        <line num="63" count="177" type="cond" truecount="2" falsecount="0"/>
        <line num="64" count="50" type="stmt"/>
        <line num="68" count="177" type="cond" truecount="1" falsecount="1"/>
        <line num="69" count="177" type="stmt"/>
        <line num="70" count="177" type="cond" truecount="2" falsecount="0"/>
        <line num="74" count="177" type="cond" truecount="4" falsecount="0"/>
        <line num="76" count="10" type="stmt"/>
        <line num="77" count="10" type="stmt"/>
        <line num="79" count="160" type="stmt"/>
        <line num="80" count="160" type="stmt"/>
        <line num="82" count="5" type="stmt"/>
        <line num="83" count="5" type="stmt"/>
        <line num="85" count="2" type="stmt"/>
        <line num="86" count="2" type="stmt"/>
        <line num="92" count="10" type="stmt"/>
        <line num="96" count="160" type="stmt"/>
        <line num="100" count="5" type="stmt"/>
        <line num="104" count="2" type="stmt"/>
        <line num="112" count="8" type="stmt"/>
        <line num="119" count="16" type="stmt"/>
        <line num="123" count="6" type="stmt"/>
        <line num="124" count="6" type="stmt"/>
        <line num="125" count="6" type="stmt"/>
        <line num="134" count="3" type="stmt"/>
        <line num="135" count="3" type="stmt"/>
        <line num="142" count="3" type="stmt"/>
        <line num="143" count="3" type="cond" truecount="2" falsecount="0"/>
        <line num="144" count="1" type="stmt"/>
        <line num="145" count="1" type="stmt"/>
        <line num="148" count="2" type="stmt"/>
        <line num="149" count="2" type="stmt"/>
        <line num="151" count="2" type="stmt"/>
        <line num="154" count="2" type="stmt"/>
        <line num="156" count="2" type="stmt"/>
        <line num="163" count="1" type="stmt"/>
        <line num="164" count="1" type="stmt"/>
        <line num="165" count="1" type="stmt"/>
        <line num="166" count="1" type="stmt"/>
        <line num="168" count="1" type="stmt"/>
        <line num="178" count="2" type="stmt"/>
        <line num="180" count="2" type="cond" truecount="3" falsecount="1"/>
        <line num="181" count="0" type="stmt"/>
        <line num="185" count="2" type="stmt"/>
        <line num="188" count="2" type="stmt"/>
        <line num="191" count="2" type="cond" truecount="1" falsecount="1"/>
        <line num="192" count="0" type="stmt"/>
        <line num="201" count="0" type="stmt"/>
        <line num="202" count="2" type="cond" truecount="1" falsecount="1"/>
        <line num="203" count="0" type="stmt"/>
        <line num="214" count="1" type="stmt"/>
        <line num="216" count="1" type="cond" truecount="1" falsecount="1"/>
        <line num="218" count="1" type="cond" truecount="1" falsecount="1"/>
        <line num="219" count="1" type="stmt"/>
        <line num="229" count="4" type="stmt"/>
        <line num="230" count="4" type="stmt"/>
        <line num="231" count="3" type="stmt"/>
        <line num="233" count="4" type="stmt"/>
        <line num="240" count="8" type="stmt"/>
        <line num="241" count="8" type="stmt"/>
        <line num="249" count="0" type="cond" truecount="0" falsecount="2"/>
        <line num="250" count="0" type="stmt"/>
        <line num="254" count="0" type="stmt"/>
        <line num="257" count="0" type="cond" truecount="0" falsecount="2"/>
        <line num="258" count="0" type="stmt"/>
        <line num="261" count="0" type="stmt"/>
        <line num="282" count="1" type="stmt"/>
        <line num="284" count="1" type="stmt"/>
        <line num="285" count="1" type="stmt"/>
        <line num="287" count="1" type="stmt"/>
        <line num="288" count="3" type="stmt"/>
        <line num="289" count="3" type="stmt"/>
        <line num="290" count="3" type="stmt"/>
        <line num="292" count="1" type="cond" truecount="1" falsecount="1"/>
        <line num="293" count="1" type="stmt"/>
        <line num="296" count="1" type="stmt"/>
        <line num="298" count="2" type="stmt"/>
        <line num="300" count="2" type="cond" truecount="1" falsecount="1"/>
        <line num="301" count="0" type="stmt"/>
        <line num="304" count="0" type="stmt"/>
        <line num="307" count="2" type="stmt"/>
        <line num="315" count="2" type="stmt"/>
        <line num="318" count="2" type="stmt"/>
        <line num="322" count="0" type="cond" truecount="0" falsecount="2"/>
        <line num="327" count="6" type="stmt"/>
      </file>
    </package>
  </project>
</coverage>
