{"/Users/shan/dev/iotashan/react-native-dl-scan/src/NativeDlScan.ts": {"path":"/Users/shan/dev/iotashan/react-native-dl-scan/src/NativeDlScan.ts","statementMap":{},"fnMap":{},"branchMap":{},"s":{},"f":{},"b":{},"_coverageSchema":"1a1c01bbd47fc00a2c39e90264f33305004495a9","hash":"9754ea0551c0c5934130324283f90dd74ac90adf"}
,"/Users/shan/dev/iotashan/react-native-dl-scan/src/index.tsx": {"path":"/Users/shan/dev/iotashan/react-native-dl-scan/src/index.tsx","statementMap":{"0":{"start":{"line":35,"column":2},"end":{"line":59,"column":3}},"1":{"start":{"line":37,"column":6},"end":{"line":37,"column":55}},"2":{"start":{"line":39,"column":4},"end":{"line":45,"column":5}},"3":{"start":{"line":40,"column":6},"end":{"line":40,"column":25}},"4":{"start":{"line":41,"column":11},"end":{"line":45,"column":5}},"5":{"start":{"line":42,"column":6},"end":{"line":42,"column":40}},"6":{"start":{"line":44,"column":6},"end":{"line":44,"column":74}},"7":{"start":{"line":47,"column":4},"end":{"line":49,"column":5}},"8":{"start":{"line":48,"column":6},"end":{"line":48,"column":18}},"9":{"start":{"line":52,"column":4},"end":{"line":58,"column":7}},"10":{"start":{"line":66,"column":2},"end":{"line":88,"column":3}},"11":{"start":{"line":67,"column":34},"end":{"line":67,"column":77}},"12":{"start":{"line":69,"column":4},"end":{"line":75,"column":5}},"13":{"start":{"line":70,"column":6},"end":{"line":70,"column":25}},"14":{"start":{"line":71,"column":11},"end":{"line":75,"column":5}},"15":{"start":{"line":72,"column":6},"end":{"line":72,"column":40}},"16":{"start":{"line":74,"column":6},"end":{"line":74,"column":48}},"17":{"start":{"line":77,"column":4},"end":{"line":79,"column":5}},"18":{"start":{"line":78,"column":6},"end":{"line":78,"column":18}},"19":{"start":{"line":82,"column":4},"end":{"line":87,"column":7}},"20":{"start":{"line":100,"column":4},"end":{"line":100,"column":25}},"21":{"start":{"line":101,"column":4},"end":{"line":101,"column":28}},"22":{"start":{"line":102,"column":4},"end":{"line":102,"column":27}},"23":{"start":{"line":103,"column":4},"end":{"line":103,"column":41}},"24":{"start":{"line":104,"column":4},"end":{"line":104,"column":41}}},"fnMap":{"0":{"name":"parseOCRText","decl":{"start":{"line":32,"column":22},"end":{"line":32,"column":34}},"loc":{"start":{"line":34,"column":24},"end":{"line":60,"column":1}},"line":34},"1":{"name":"scanLicense","decl":{"start":{"line":65,"column":22},"end":{"line":65,"column":33}},"loc":{"start":{"line":65,"column":77},"end":{"line":89,"column":1}},"line":65},"2":{"name":"(anonymous_2)","decl":{"start":{"line":99,"column":2},"end":{"line":99,"column":3}},"loc":{"start":{"line":99,"column":36},"end":{"line":105,"column":3}},"line":99}},"branchMap":{"0":{"loc":{"start":{"line":39,"column":4},"end":{"line":45,"column":5}},"type":"if","locations":[{"start":{"line":39,"column":4},"end":{"line":45,"column":5}},{"start":{"line":41,"column":11},"end":{"line":45,"column":5}}],"line":39},"1":{"loc":{"start":{"line":39,"column":8},"end":{"line":39,"column":37}},"type":"binary-expr","locations":[{"start":{"line":39,"column":8},"end":{"line":39,"column":22}},{"start":{"line":39,"column":26},"end":{"line":39,"column":37}}],"line":39},"2":{"loc":{"start":{"line":41,"column":11},"end":{"line":45,"column":5}},"type":"if","locations":[{"start":{"line":41,"column":11},"end":{"line":45,"column":5}},{"start":{"line":43,"column":11},"end":{"line":45,"column":5}}],"line":41},"3":{"loc":{"start":{"line":47,"column":4},"end":{"line":49,"column":5}},"type":"if","locations":[{"start":{"line":47,"column":4},"end":{"line":49,"column":5}},{"start":{},"end":{}}],"line":47},"4":{"loc":{"start":{"line":54,"column":15},"end":{"line":54,"column":63}},"type":"binary-expr","locations":[{"start":{"line":54,"column":15},"end":{"line":54,"column":39}},{"start":{"line":54,"column":43},"end":{"line":54,"column":63}}],"line":54},"5":{"loc":{"start":{"line":69,"column":4},"end":{"line":75,"column":5}},"type":"if","locations":[{"start":{"line":69,"column":4},"end":{"line":75,"column":5}},{"start":{"line":71,"column":11},"end":{"line":75,"column":5}}],"line":69},"6":{"loc":{"start":{"line":69,"column":8},"end":{"line":69,"column":37}},"type":"binary-expr","locations":[{"start":{"line":69,"column":8},"end":{"line":69,"column":22}},{"start":{"line":69,"column":26},"end":{"line":69,"column":37}}],"line":69},"7":{"loc":{"start":{"line":71,"column":11},"end":{"line":75,"column":5}},"type":"if","locations":[{"start":{"line":71,"column":11},"end":{"line":75,"column":5}},{"start":{"line":73,"column":11},"end":{"line":75,"column":5}}],"line":71},"8":{"loc":{"start":{"line":77,"column":4},"end":{"line":79,"column":5}},"type":"if","locations":[{"start":{"line":77,"column":4},"end":{"line":79,"column":5}},{"start":{},"end":{}}],"line":77},"9":{"loc":{"start":{"line":84,"column":15},"end":{"line":84,"column":67}},"type":"binary-expr","locations":[{"start":{"line":84,"column":15},"end":{"line":84,"column":39}},{"start":{"line":84,"column":43},"end":{"line":84,"column":67}}],"line":84}},"s":{"0":11,"1":11,"2":11,"3":9,"4":2,"5":2,"6":0,"7":2,"8":2,"9":0,"10":277,"11":277,"12":273,"13":265,"14":8,"15":6,"16":2,"17":12,"18":6,"19":6,"20":24,"21":24,"22":24,"23":24,"24":24},"f":{"0":11,"1":277,"2":24},"b":{"0":[9,2],"1":[11,9],"2":[2,0],"3":[2,0],"4":[0,0],"5":[265,8],"6":[273,265],"7":[6,2],"8":[6,6],"9":[6,0]},"_coverageSchema":"1a1c01bbd47fc00a2c39e90264f33305004495a9","hash":"ddcb12baf44733757c9a67a26d1b494dd6dfdbf8"}
,"/Users/shan/dev/iotashan/react-native-dl-scan/src/components/CameraScanner.tsx": {"path":"/Users/shan/dev/iotashan/react-native-dl-scan/src/components/CameraScanner.tsx","statementMap":{"0":{"start":{"line":26,"column":59},"end":{"line":202,"column":1}},"1":{"start":{"line":30,"column":17},"end":{"line":30,"column":40}},"2":{"start":{"line":31,"column":47},"end":{"line":31,"column":68}},"3":{"start":{"line":32,"column":34},"end":{"line":32,"column":48}},"4":{"start":{"line":33,"column":38},"end":{"line":33,"column":53}},"5":{"start":{"line":34,"column":42},"end":{"line":34,"column":53}},"6":{"start":{"line":35,"column":42},"end":{"line":35,"column":61}},"7":{"start":{"line":37,"column":2},"end":{"line":45,"column":50}},"8":{"start":{"line":39,"column":4},"end":{"line":44,"column":5}},"9":{"start":{"line":40,"column":6},"end":{"line":43,"column":9}},"10":{"start":{"line":41,"column":8},"end":{"line":41,"column":69}},"11":{"start":{"line":42,"column":8},"end":{"line":42,"column":68}},"12":{"start":{"line":48,"column":2},"end":{"line":65,"column":56}},"13":{"start":{"line":49,"column":4},"end":{"line":63,"column":5}},"14":{"start":{"line":50,"column":24},"end":{"line":60,"column":15}},"15":{"start":{"line":51,"column":8},"end":{"line":59,"column":9}},"16":{"start":{"line":52,"column":10},"end":{"line":52,"column":31}},"17":{"start":{"line":53,"column":10},"end":{"line":53,"column":29}},"18":{"start":{"line":54,"column":10},"end":{"line":58,"column":12}},"19":{"start":{"line":62,"column":6},"end":{"line":62,"column":43}},"20":{"start":{"line":62,"column":19},"end":{"line":62,"column":42}},"21":{"start":{"line":64,"column":4},"end":{"line":64,"column":21}},"22":{"start":{"line":67,"column":28},"end":{"line":71,"column":3}},"23":{"start":{"line":68,"column":4},"end":{"line":68,"column":25}},"24":{"start":{"line":69,"column":4},"end":{"line":69,"column":23}},"25":{"start":{"line":70,"column":4},"end":{"line":70,"column":29}},"26":{"start":{"line":73,"column":22},"end":{"line":76,"column":3}},"27":{"start":{"line":74,"column":4},"end":{"line":74,"column":40}},"28":{"start":{"line":75,"column":4},"end":{"line":75,"column":61}},"29":{"start":{"line":78,"column":25},"end":{"line":125,"column":3}},"30":{"start":{"line":83,"column":6},"end":{"line":85,"column":7}},"31":{"start":{"line":84,"column":8},"end":{"line":84,"column":15}},"32":{"start":{"line":87,"column":6},"end":{"line":122,"column":7}},"33":{"start":{"line":88,"column":23},"end":{"line":88,"column":41}},"34":{"start":{"line":91,"column":8},"end":{"line":94,"column":13}},"35":{"start":{"line":92,"column":10},"end":{"line":92,"column":46}},"36":{"start":{"line":92,"column":36},"end":{"line":92,"column":44}},"37":{"start":{"line":93,"column":10},"end":{"line":93,"column":38}},"38":{"start":{"line":97,"column":8},"end":{"line":99,"column":9}},"39":{"start":{"line":98,"column":10},"end":{"line":98,"column":17}},"40":{"start":{"line":102,"column":8},"end":{"line":119,"column":9}},"41":{"start":{"line":103,"column":10},"end":{"line":103,"column":39}},"42":{"start":{"line":104,"column":10},"end":{"line":104,"column":50}},"43":{"start":{"line":105,"column":15},"end":{"line":119,"column":9}},"44":{"start":{"line":107,"column":10},"end":{"line":113,"column":11}},"45":{"start":{"line":111,"column":12},"end":{"line":111,"column":67}},"46":{"start":{"line":112,"column":12},"end":{"line":112,"column":19}},"47":{"start":{"line":116,"column":10},"end":{"line":118,"column":11}},"48":{"start":{"line":117,"column":12},"end":{"line":117,"column":47}},"49":{"start":{"line":121,"column":8},"end":{"line":121,"column":36}},"50":{"start":{"line":127,"column":33},"end":{"line":139,"column":3}},"51":{"start":{"line":128,"column":4},"end":{"line":138,"column":6}},"52":{"start":{"line":135,"column":25},"end":{"line":135,"column":47}},"53":{"start":{"line":142,"column":2},"end":{"line":149,"column":3}},"54":{"start":{"line":143,"column":4},"end":{"line":148,"column":6}},"55":{"start":{"line":152,"column":2},"end":{"line":164,"column":3}},"56":{"start":{"line":153,"column":4},"end":{"line":163,"column":6}},"57":{"start":{"line":167,"column":2},"end":{"line":173,"column":3}},"58":{"start":{"line":168,"column":4},"end":{"line":172,"column":6}},"59":{"start":{"line":175,"column":2},"end":{"line":201,"column":4}},"60":{"start":{"line":204,"column":15},"end":{"line":258,"column":2}}},"fnMap":{"0":{"name":"(anonymous_0)","decl":{"start":{"line":26,"column":59},"end":{"line":26,"column":60}},"loc":{"start":{"line":29,"column":6},"end":{"line":202,"column":1}},"line":29},"1":{"name":"(anonymous_1)","decl":{"start":{"line":37,"column":12},"end":{"line":37,"column":13}},"loc":{"start":{"line":37,"column":18},"end":{"line":45,"column":3}},"line":37},"2":{"name":"(anonymous_2)","decl":{"start":{"line":40,"column":32},"end":{"line":40,"column":33}},"loc":{"start":{"line":40,"column":43},"end":{"line":43,"column":7}},"line":40},"3":{"name":"(anonymous_3)","decl":{"start":{"line":48,"column":12},"end":{"line":48,"column":13}},"loc":{"start":{"line":48,"column":18},"end":{"line":65,"column":3}},"line":48},"4":{"name":"(anonymous_4)","decl":{"start":{"line":50,"column":35},"end":{"line":50,"column":36}},"loc":{"start":{"line":50,"column":41},"end":{"line":60,"column":7}},"line":50},"5":{"name":"(anonymous_5)","decl":{"start":{"line":62,"column":13},"end":{"line":62,"column":14}},"loc":{"start":{"line":62,"column":19},"end":{"line":62,"column":42}},"line":62},"6":{"name":"(anonymous_6)","decl":{"start":{"line":67,"column":28},"end":{"line":67,"column":29}},"loc":{"start":{"line":67,"column":51},"end":{"line":71,"column":3}},"line":67},"7":{"name":"(anonymous_7)","decl":{"start":{"line":73,"column":22},"end":{"line":73,"column":23}},"loc":{"start":{"line":73,"column":38},"end":{"line":76,"column":3}},"line":73},"8":{"name":"(anonymous_8)","decl":{"start":{"line":79,"column":4},"end":{"line":79,"column":5}},"loc":{"start":{"line":79,"column":15},"end":{"line":123,"column":5}},"line":79},"9":{"name":"(anonymous_9)","decl":{"start":{"line":91,"column":16},"end":{"line":91,"column":17}},"loc":{"start":{"line":91,"column":22},"end":{"line":94,"column":9}},"line":91},"10":{"name":"(anonymous_10)","decl":{"start":{"line":92,"column":26},"end":{"line":92,"column":27}},"loc":{"start":{"line":92,"column":36},"end":{"line":92,"column":44}},"line":92},"11":{"name":"(anonymous_11)","decl":{"start":{"line":127,"column":33},"end":{"line":127,"column":34}},"loc":{"start":{"line":127,"column":39},"end":{"line":139,"column":3}},"line":127},"12":{"name":"(anonymous_12)","decl":{"start":{"line":135,"column":19},"end":{"line":135,"column":20}},"loc":{"start":{"line":135,"column":25},"end":{"line":135,"column":47}},"line":135}},"branchMap":{"0":{"loc":{"start":{"line":39,"column":4},"end":{"line":44,"column":5}},"type":"if","locations":[{"start":{"line":39,"column":4},"end":{"line":44,"column":5}},{"start":{},"end":{}}],"line":39},"1":{"loc":{"start":{"line":49,"column":4},"end":{"line":63,"column":5}},"type":"if","locations":[{"start":{"line":49,"column":4},"end":{"line":63,"column":5}},{"start":{},"end":{}}],"line":49},"2":{"loc":{"start":{"line":49,"column":8},"end":{"line":49,"column":38}},"type":"binary-expr","locations":[{"start":{"line":49,"column":8},"end":{"line":49,"column":18}},{"start":{"line":49,"column":22},"end":{"line":49,"column":38}}],"line":49},"3":{"loc":{"start":{"line":51,"column":8},"end":{"line":59,"column":9}},"type":"if","locations":[{"start":{"line":51,"column":8},"end":{"line":59,"column":9}},{"start":{},"end":{}}],"line":51},"4":{"loc":{"start":{"line":75,"column":24},"end":{"line":75,"column":58}},"type":"binary-expr","locations":[{"start":{"line":75,"column":24},"end":{"line":75,"column":37}},{"start":{"line":75,"column":41},"end":{"line":75,"column":58}}],"line":75},"5":{"loc":{"start":{"line":83,"column":6},"end":{"line":85,"column":7}},"type":"if","locations":[{"start":{"line":83,"column":6},"end":{"line":85,"column":7}},{"start":{},"end":{}}],"line":83},"6":{"loc":{"start":{"line":97,"column":8},"end":{"line":99,"column":9}},"type":"if","locations":[{"start":{"line":97,"column":8},"end":{"line":99,"column":9}},{"start":{},"end":{}}],"line":97},"7":{"loc":{"start":{"line":102,"column":8},"end":{"line":119,"column":9}},"type":"if","locations":[{"start":{"line":102,"column":8},"end":{"line":119,"column":9}},{"start":{"line":105,"column":15},"end":{"line":119,"column":9}}],"line":102},"8":{"loc":{"start":{"line":102,"column":12},"end":{"line":102,"column":41}},"type":"binary-expr","locations":[{"start":{"line":102,"column":12},"end":{"line":102,"column":26}},{"start":{"line":102,"column":30},"end":{"line":102,"column":41}}],"line":102},"9":{"loc":{"start":{"line":105,"column":15},"end":{"line":119,"column":9}},"type":"if","locations":[{"start":{"line":105,"column":15},"end":{"line":119,"column":9}},{"start":{},"end":{}}],"line":105},"10":{"loc":{"start":{"line":107,"column":10},"end":{"line":113,"column":11}},"type":"if","locations":[{"start":{"line":107,"column":10},"end":{"line":113,"column":11}},{"start":{},"end":{}}],"line":107},"11":{"loc":{"start":{"line":108,"column":12},"end":{"line":109,"column":36}},"type":"binary-expr","locations":[{"start":{"line":108,"column":12},"end":{"line":108,"column":57}},{"start":{"line":109,"column":12},"end":{"line":109,"column":36}}],"line":108},"12":{"loc":{"start":{"line":116,"column":10},"end":{"line":118,"column":11}},"type":"if","locations":[{"start":{"line":116,"column":10},"end":{"line":118,"column":11}},{"start":{},"end":{}}],"line":116},"13":{"loc":{"start":{"line":142,"column":2},"end":{"line":149,"column":3}},"type":"if","locations":[{"start":{"line":142,"column":2},"end":{"line":149,"column":3}},{"start":{},"end":{}}],"line":142},"14":{"loc":{"start":{"line":152,"column":2},"end":{"line":164,"column":3}},"type":"if","locations":[{"start":{"line":152,"column":2},"end":{"line":164,"column":3}},{"start":{},"end":{}}],"line":152},"15":{"loc":{"start":{"line":167,"column":2},"end":{"line":173,"column":3}},"type":"if","locations":[{"start":{"line":167,"column":2},"end":{"line":173,"column":3}},{"start":{},"end":{}}],"line":167},"16":{"loc":{"start":{"line":184,"column":15},"end":{"line":184,"column":47}},"type":"cond-expr","locations":[{"start":{"line":184,"column":35},"end":{"line":184,"column":39}},{"start":{"line":184,"column":42},"end":{"line":184,"column":47}}],"line":184},"17":{"loc":{"start":{"line":191,"column":9},"end":{"line":195,"column":9}},"type":"binary-expr","locations":[{"start":{"line":191,"column":9},"end":{"line":191,"column":26}},{"start":{"line":192,"column":10},"end":{"line":194,"column":17}}],"line":191},"18":{"loc":{"start":{"line":196,"column":9},"end":{"line":198,"column":9}},"type":"binary-expr","locations":[{"start":{"line":196,"column":9},"end":{"line":196,"column":26}},{"start":{"line":197,"column":10},"end":{"line":197,"column":79}}],"line":196}},"s":{"0":5,"1":0,"2":0,"3":0,"4":0,"5":0,"6":0,"7":0,"8":0,"9":0,"10":0,"11":0,"12":0,"13":0,"14":0,"15":0,"16":0,"17":0,"18":0,"19":0,"20":0,"21":0,"22":0,"23":0,"24":0,"25":0,"26":0,"27":0,"28":0,"29":0,"30":0,"31":0,"32":0,"33":0,"34":0,"35":0,"36":0,"37":0,"38":0,"39":0,"40":0,"41":0,"42":0,"43":0,"44":0,"45":0,"46":0,"47":0,"48":0,"49":0,"50":0,"51":0,"52":0,"53":0,"54":0,"55":0,"56":0,"57":0,"58":0,"59":0,"60":5},"f":{"0":0,"1":0,"2":0,"3":0,"4":0,"5":0,"6":0,"7":0,"8":0,"9":0,"10":0,"11":0,"12":0},"b":{"0":[0,0],"1":[0,0],"2":[0,0],"3":[0,0],"4":[0,0],"5":[0,0],"6":[0,0],"7":[0,0],"8":[0,0],"9":[0,0],"10":[0,0],"11":[0,0],"12":[0,0],"13":[0,0],"14":[0,0],"15":[0,0],"16":[0,0],"17":[0,0],"18":[0,0]},"_coverageSchema":"1a1c01bbd47fc00a2c39e90264f33305004495a9","hash":"00c17101ff05b6783299cf5f4cbed23e1bfe7eda"}
,"/Users/shan/dev/iotashan/react-native-dl-scan/src/frameProcessors/scanLicense.ts": {"path":"/Users/shan/dev/iotashan/react-native-dl-scan/src/frameProcessors/scanLicense.ts","statementMap":{"0":{"start":{"line":6,"column":15},"end":{"line":6,"column":72}},"1":{"start":{"line":26,"column":2},"end":{"line":28,"column":3}},"2":{"start":{"line":27,"column":4},"end":{"line":27,"column":58}},"3":{"start":{"line":31,"column":17},"end":{"line":31,"column":35}},"4":{"start":{"line":34,"column":2},"end":{"line":36,"column":3}},"5":{"start":{"line":35,"column":4},"end":{"line":35,"column":16}},"6":{"start":{"line":39,"column":2},"end":{"line":41,"column":3}},"7":{"start":{"line":40,"column":4},"end":{"line":40,"column":50}},"8":{"start":{"line":44,"column":2},"end":{"line":52,"column":4}}},"fnMap":{"0":{"name":"scanLicense","decl":{"start":{"line":23,"column":16},"end":{"line":23,"column":27}},"loc":{"start":{"line":23,"column":68},"end":{"line":53,"column":1}},"line":23}},"branchMap":{"0":{"loc":{"start":{"line":26,"column":2},"end":{"line":28,"column":3}},"type":"if","locations":[{"start":{"line":26,"column":2},"end":{"line":28,"column":3}},{"start":{},"end":{}}],"line":26},"1":{"loc":{"start":{"line":34,"column":2},"end":{"line":36,"column":3}},"type":"if","locations":[{"start":{"line":34,"column":2},"end":{"line":36,"column":3}},{"start":{},"end":{}}],"line":34},"2":{"loc":{"start":{"line":39,"column":2},"end":{"line":41,"column":3}},"type":"if","locations":[{"start":{"line":39,"column":2},"end":{"line":41,"column":3}},{"start":{},"end":{}}],"line":39},"3":{"loc":{"start":{"line":39,"column":6},"end":{"line":39,"column":65}},"type":"binary-expr","locations":[{"start":{"line":39,"column":6},"end":{"line":39,"column":12}},{"start":{"line":39,"column":16},"end":{"line":39,"column":42}},{"start":{"line":39,"column":46},"end":{"line":39,"column":65}}],"line":39}},"s":{"0":11,"1":96,"2":1,"3":95,"4":95,"5":1,"6":94,"7":93,"8":1},"f":{"0":96},"b":{"0":[1,95],"1":[1,94],"2":[93,1],"3":[94,94,94]},"_coverageSchema":"1a1c01bbd47fc00a2c39e90264f33305004495a9","hash":"23f4ebf707a1f7ef1aebc80803aedea5483b8dc2"}
,"/Users/shan/dev/iotashan/react-native-dl-scan/src/hooks/useErrorHandler.ts": {"path":"/Users/shan/dev/iotashan/react-native-dl-scan/src/hooks/useErrorHandler.ts","statementMap":{"0":{"start":{"line":11,"column":36},"end":{"line":11,"column":68}},"1":{"start":{"line":12,"column":38},"end":{"line":12,"column":49}},"2":{"start":{"line":14,"column":22},"end":{"line":123,"column":3}},"3":{"start":{"line":17,"column":8},"end":{"line":29,"column":13}},"4":{"start":{"line":31,"column":6},"end":{"line":31,"column":30}},"5":{"start":{"line":33,"column":6},"end":{"line":120,"column":9}},"6":{"start":{"line":34,"column":25},"end":{"line":34,"column":33}},"7":{"start":{"line":37,"column":8},"end":{"line":117,"column":9}},"8":{"start":{"line":39,"column":12},"end":{"line":57,"column":14}},"9":{"start":{"line":51,"column":20},"end":{"line":51,"column":43}},"10":{"start":{"line":52,"column":20},"end":{"line":52,"column":43}},"11":{"start":{"line":58,"column":12},"end":{"line":58,"column":18}},"12":{"start":{"line":61,"column":12},"end":{"line":76,"column":14}},"13":{"start":{"line":77,"column":12},"end":{"line":77,"column":18}},"14":{"start":{"line":81,"column":12},"end":{"line":91,"column":14}},"15":{"start":{"line":92,"column":12},"end":{"line":92,"column":18}},"16":{"start":{"line":96,"column":12},"end":{"line":116,"column":13}},"17":{"start":{"line":97,"column":14},"end":{"line":115,"column":16}},"18":{"start":{"line":109,"column":22},"end":{"line":109,"column":39}},"19":{"start":{"line":110,"column":22},"end":{"line":110,"column":43}},"20":{"start":{"line":119,"column":8},"end":{"line":119,"column":24}},"21":{"start":{"line":125,"column":21},"end":{"line":128,"column":8}},"22":{"start":{"line":126,"column":4},"end":{"line":126,"column":23}},"23":{"start":{"line":127,"column":4},"end":{"line":127,"column":21}},"24":{"start":{"line":130,"column":2},"end":{"line":135,"column":4}}},"fnMap":{"0":{"name":"useErrorHandler","decl":{"start":{"line":10,"column":16},"end":{"line":10,"column":31}},"loc":{"start":{"line":10,"column":63},"end":{"line":136,"column":1}},"line":10},"1":{"name":"(anonymous_1)","decl":{"start":{"line":15,"column":4},"end":{"line":15,"column":5}},"loc":{"start":{"line":15,"column":34},"end":{"line":121,"column":5}},"line":15},"2":{"name":"(anonymous_2)","decl":{"start":{"line":33,"column":20},"end":{"line":33,"column":21}},"loc":{"start":{"line":33,"column":30},"end":{"line":120,"column":7}},"line":33},"3":{"name":"(anonymous_3)","decl":{"start":{"line":50,"column":27},"end":{"line":50,"column":28}},"loc":{"start":{"line":50,"column":33},"end":{"line":53,"column":19}},"line":50},"4":{"name":"(anonymous_4)","decl":{"start":{"line":108,"column":29},"end":{"line":108,"column":30}},"loc":{"start":{"line":108,"column":35},"end":{"line":111,"column":21}},"line":108},"5":{"name":"(anonymous_5)","decl":{"start":{"line":125,"column":33},"end":{"line":125,"column":34}},"loc":{"start":{"line":125,"column":39},"end":{"line":128,"column":3}},"line":125}},"branchMap":{"0":{"loc":{"start":{"line":17,"column":8},"end":{"line":29,"column":13}},"type":"cond-expr","locations":[{"start":{"line":18,"column":12},"end":{"line":23,"column":13}},{"start":{"line":24,"column":12},"end":{"line":29,"column":13}}],"line":17},"1":{"loc":{"start":{"line":37,"column":8},"end":{"line":117,"column":9}},"type":"switch","locations":[{"start":{"line":38,"column":10},"end":{"line":58,"column":18}},{"start":{"line":60,"column":10},"end":{"line":77,"column":18}},{"start":{"line":79,"column":10},"end":{"line":79,"column":30}},{"start":{"line":80,"column":10},"end":{"line":92,"column":18}},{"start":{"line":94,"column":10},"end":{"line":116,"column":13}}],"line":37},"2":{"loc":{"start":{"line":96,"column":12},"end":{"line":116,"column":13}},"type":"if","locations":[{"start":{"line":96,"column":12},"end":{"line":116,"column":13}},{"start":{},"end":{}}],"line":96},"3":{"loc":{"start":{"line":96,"column":16},"end":{"line":96,"column":54}},"type":"binary-expr","locations":[{"start":{"line":96,"column":16},"end":{"line":96,"column":38}},{"start":{"line":96,"column":42},"end":{"line":96,"column":54}}],"line":96}},"s":{"0":43,"1":43,"2":43,"3":31,"4":31,"5":31,"6":31,"7":31,"8":3,"9":1,"10":1,"11":3,"12":1,"13":1,"14":2,"15":2,"16":25,"17":4,"18":1,"19":1,"20":31,"21":43,"22":1,"23":1,"24":43},"f":{"0":43,"1":31,"2":31,"3":1,"4":1,"5":1},"b":{"0":[30,1],"1":[3,1,1,2,25],"2":[4,21],"3":[25,24]},"_coverageSchema":"1a1c01bbd47fc00a2c39e90264f33305004495a9","hash":"56e5fdaa3159b043460dca9cc57920c4012c204a"}
,"/Users/shan/dev/iotashan/react-native-dl-scan/src/hooks/useLicenseScanner.ts": {"path":"/Users/shan/dev/iotashan/react-native-dl-scan/src/hooks/useLicenseScanner.ts","statementMap":{"0":{"start":{"line":53,"column":40},"end":{"line":53,"column":74}},"1":{"start":{"line":54,"column":38},"end":{"line":54,"column":53}},"2":{"start":{"line":55,"column":28},"end":{"line":55,"column":60}},"3":{"start":{"line":56,"column":34},"end":{"line":56,"column":76}},"4":{"start":{"line":57,"column":40},"end":{"line":59,"column":14}},"5":{"start":{"line":60,"column":42},"end":{"line":60,"column":77}},"6":{"start":{"line":61,"column":40},"end":{"line":61,"column":74}},"7":{"start":{"line":63,"column":4},"end":{"line":63,"column":38}},"8":{"start":{"line":65,"column":32},"end":{"line":65,"column":71}},"9":{"start":{"line":68,"column":2},"end":{"line":140,"column":5}},"10":{"start":{"line":69,"column":45},"end":{"line":111,"column":5}},"11":{"start":{"line":71,"column":8},"end":{"line":71,"column":34}},"12":{"start":{"line":73,"column":8},"end":{"line":79,"column":9}},"13":{"start":{"line":74,"column":10},"end":{"line":74,"column":36}},"14":{"start":{"line":75,"column":15},"end":{"line":79,"column":9}},"15":{"start":{"line":76,"column":10},"end":{"line":76,"column":32}},"16":{"start":{"line":77,"column":15},"end":{"line":79,"column":9}},"17":{"start":{"line":78,"column":10},"end":{"line":78,"column":38}},"18":{"start":{"line":80,"column":8},"end":{"line":80,"column":55}},"19":{"start":{"line":83,"column":8},"end":{"line":83,"column":28}},"20":{"start":{"line":84,"column":8},"end":{"line":84,"column":36}},"21":{"start":{"line":85,"column":8},"end":{"line":85,"column":72}},"22":{"start":{"line":88,"column":8},"end":{"line":88,"column":75}},"23":{"start":{"line":88,"column":33},"end":{"line":88,"column":73}},"24":{"start":{"line":89,"column":8},"end":{"line":91,"column":10}},"25":{"start":{"line":90,"column":20},"end":{"line":90,"column":60}},"26":{"start":{"line":92,"column":8},"end":{"line":92,"column":53}},"27":{"start":{"line":95,"column":8},"end":{"line":95,"column":48}},"28":{"start":{"line":98,"column":8},"end":{"line":109,"column":9}},"29":{"start":{"line":99,"column":10},"end":{"line":108,"column":12}},"30":{"start":{"line":114,"column":52},"end":{"line":124,"column":5}},"31":{"start":{"line":126,"column":4},"end":{"line":129,"column":6}},"32":{"start":{"line":131,"column":4},"end":{"line":135,"column":6}},"33":{"start":{"line":132,"column":6},"end":{"line":134,"column":7}},"34":{"start":{"line":133,"column":8},"end":{"line":133,"column":47}},"35":{"start":{"line":143,"column":15},"end":{"line":214,"column":3}},"36":{"start":{"line":145,"column":28},"end":{"line":145,"column":58}},"37":{"start":{"line":146,"column":6},"end":{"line":153,"column":7}},"38":{"start":{"line":147,"column":8},"end":{"line":152,"column":11}},"39":{"start":{"line":155,"column":6},"end":{"line":155,"column":26}},"40":{"start":{"line":156,"column":6},"end":{"line":156,"column":21}},"41":{"start":{"line":157,"column":6},"end":{"line":157,"column":33}},"42":{"start":{"line":158,"column":6},"end":{"line":158,"column":28}},"43":{"start":{"line":159,"column":6},"end":{"line":159,"column":27}},"44":{"start":{"line":160,"column":6},"end":{"line":160,"column":34}},"45":{"start":{"line":162,"column":24},"end":{"line":162,"column":69}},"46":{"start":{"line":164,"column":6},"end":{"line":168,"column":7}},"47":{"start":{"line":165,"column":8},"end":{"line":165,"column":30}},"48":{"start":{"line":167,"column":8},"end":{"line":167,"column":34}},"49":{"start":{"line":170,"column":6},"end":{"line":174,"column":9}},"50":{"start":{"line":176,"column":6},"end":{"line":211,"column":7}},"51":{"start":{"line":177,"column":21},"end":{"line":180,"column":9}},"52":{"start":{"line":181,"column":8},"end":{"line":181,"column":29}},"53":{"start":{"line":183,"column":8},"end":{"line":189,"column":11}},"54":{"start":{"line":192,"column":10},"end":{"line":199,"column":16}},"55":{"start":{"line":201,"column":8},"end":{"line":201,"column":28}},"56":{"start":{"line":203,"column":8},"end":{"line":208,"column":11}},"57":{"start":{"line":210,"column":8},"end":{"line":210,"column":29}},"58":{"start":{"line":217,"column":22},"end":{"line":222,"column":3}},"59":{"start":{"line":219,"column":6},"end":{"line":219,"column":41}},"60":{"start":{"line":225,"column":18},"end":{"line":230,"column":3}},"61":{"start":{"line":227,"column":6},"end":{"line":227,"column":42}},"62":{"start":{"line":233,"column":27},"end":{"line":238,"column":3}},"63":{"start":{"line":235,"column":6},"end":{"line":235,"column":38}},"64":{"start":{"line":241,"column":17},"end":{"line":248,"column":8}},"65":{"start":{"line":242,"column":4},"end":{"line":244,"column":5}},"66":{"start":{"line":243,"column":6},"end":{"line":243,"column":45}},"67":{"start":{"line":245,"column":4},"end":{"line":245,"column":25}},"68":{"start":{"line":246,"column":4},"end":{"line":246,"column":26}},"69":{"start":{"line":247,"column":4},"end":{"line":247,"column":42}},"70":{"start":{"line":251,"column":31},"end":{"line":259,"column":3}},"71":{"start":{"line":253,"column":6},"end":{"line":256,"column":7}},"72":{"start":{"line":254,"column":8},"end":{"line":254,"column":59}},"73":{"start":{"line":255,"column":8},"end":{"line":255,"column":55}},"74":{"start":{"line":261,"column":16},"end":{"line":273,"column":20}},"75":{"start":{"line":262,"column":4},"end":{"line":262,"column":25}},"76":{"start":{"line":263,"column":4},"end":{"line":263,"column":19}},"77":{"start":{"line":264,"column":4},"end":{"line":264,"column":25}},"78":{"start":{"line":265,"column":4},"end":{"line":265,"column":40}},"79":{"start":{"line":266,"column":4},"end":{"line":266,"column":30}},"80":{"start":{"line":267,"column":4},"end":{"line":267,"column":26}},"81":{"start":{"line":268,"column":4},"end":{"line":268,"column":25}},"82":{"start":{"line":269,"column":4},"end":{"line":269,"column":32}},"83":{"start":{"line":270,"column":4},"end":{"line":272,"column":5}},"84":{"start":{"line":271,"column":6},"end":{"line":271,"column":45}},"85":{"start":{"line":275,"column":21},"end":{"line":277,"column":8}},"86":{"start":{"line":276,"column":4},"end":{"line":276,"column":19}},"87":{"start":{"line":279,"column":2},"end":{"line":296,"column":4}}},"fnMap":{"0":{"name":"useLicenseScanner","decl":{"start":{"line":50,"column":16},"end":{"line":50,"column":33}},"loc":{"start":{"line":52,"column":47},"end":{"line":297,"column":1}},"line":52},"1":{"name":"(anonymous_1)","decl":{"start":{"line":68,"column":12},"end":{"line":68,"column":13}},"loc":{"start":{"line":68,"column":18},"end":{"line":136,"column":3}},"line":68},"2":{"name":"(anonymous_2)","decl":{"start":{"line":70,"column":24},"end":{"line":70,"column":25}},"loc":{"start":{"line":70,"column":52},"end":{"line":81,"column":7}},"line":70},"3":{"name":"(anonymous_3)","decl":{"start":{"line":82,"column":20},"end":{"line":82,"column":21}},"loc":{"start":{"line":82,"column":78},"end":{"line":86,"column":7}},"line":82},"4":{"name":"(anonymous_4)","decl":{"start":{"line":87,"column":23},"end":{"line":87,"column":24}},"loc":{"start":{"line":87,"column":58},"end":{"line":93,"column":7}},"line":87},"5":{"name":"(anonymous_5)","decl":{"start":{"line":88,"column":23},"end":{"line":88,"column":24}},"loc":{"start":{"line":88,"column":33},"end":{"line":88,"column":73}},"line":88},"6":{"name":"(anonymous_6)","decl":{"start":{"line":90,"column":10},"end":{"line":90,"column":11}},"loc":{"start":{"line":90,"column":20},"end":{"line":90,"column":60}},"line":90},"7":{"name":"(anonymous_7)","decl":{"start":{"line":94,"column":26},"end":{"line":94,"column":27}},"loc":{"start":{"line":94,"column":55},"end":{"line":110,"column":7}},"line":94},"8":{"name":"(anonymous_8)","decl":{"start":{"line":131,"column":11},"end":{"line":131,"column":12}},"loc":{"start":{"line":131,"column":17},"end":{"line":135,"column":5}},"line":131},"9":{"name":"(anonymous_9)","decl":{"start":{"line":144,"column":4},"end":{"line":144,"column":5}},"loc":{"start":{"line":144,"column":69},"end":{"line":212,"column":5}},"line":144},"10":{"name":"(anonymous_10)","decl":{"start":{"line":218,"column":4},"end":{"line":218,"column":5}},"loc":{"start":{"line":218,"column":35},"end":{"line":220,"column":5}},"line":218},"11":{"name":"(anonymous_11)","decl":{"start":{"line":226,"column":4},"end":{"line":226,"column":5}},"loc":{"start":{"line":226,"column":54},"end":{"line":228,"column":5}},"line":226},"12":{"name":"(anonymous_12)","decl":{"start":{"line":234,"column":4},"end":{"line":234,"column":5}},"loc":{"start":{"line":234,"column":35},"end":{"line":236,"column":5}},"line":234},"13":{"name":"(anonymous_13)","decl":{"start":{"line":241,"column":29},"end":{"line":241,"column":30}},"loc":{"start":{"line":241,"column":35},"end":{"line":248,"column":3}},"line":241},"14":{"name":"(anonymous_14)","decl":{"start":{"line":252,"column":4},"end":{"line":252,"column":5}},"loc":{"start":{"line":252,"column":41},"end":{"line":257,"column":5}},"line":252},"15":{"name":"(anonymous_15)","decl":{"start":{"line":261,"column":28},"end":{"line":261,"column":29}},"loc":{"start":{"line":261,"column":34},"end":{"line":273,"column":3}},"line":261},"16":{"name":"(anonymous_16)","decl":{"start":{"line":275,"column":33},"end":{"line":275,"column":34}},"loc":{"start":{"line":275,"column":39},"end":{"line":277,"column":3}},"line":275}},"branchMap":{"0":{"loc":{"start":{"line":51,"column":2},"end":{"line":51,"column":37}},"type":"default-arg","locations":[{"start":{"line":51,"column":35},"end":{"line":51,"column":37}}],"line":51},"1":{"loc":{"start":{"line":56,"column":53},"end":{"line":56,"column":75}},"type":"binary-expr","locations":[{"start":{"line":56,"column":53},"end":{"line":56,"column":65}},{"start":{"line":56,"column":69},"end":{"line":56,"column":75}}],"line":56},"2":{"loc":{"start":{"line":73,"column":8},"end":{"line":79,"column":9}},"type":"if","locations":[{"start":{"line":73,"column":8},"end":{"line":79,"column":9}},{"start":{"line":75,"column":15},"end":{"line":79,"column":9}}],"line":73},"3":{"loc":{"start":{"line":75,"column":15},"end":{"line":79,"column":9}},"type":"if","locations":[{"start":{"line":75,"column":15},"end":{"line":79,"column":9}},{"start":{"line":77,"column":15},"end":{"line":79,"column":9}}],"line":75},"4":{"loc":{"start":{"line":77,"column":15},"end":{"line":79,"column":9}},"type":"if","locations":[{"start":{"line":77,"column":15},"end":{"line":79,"column":9}},{"start":{},"end":{}}],"line":77},"5":{"loc":{"start":{"line":98,"column":8},"end":{"line":109,"column":9}},"type":"if","locations":[{"start":{"line":98,"column":8},"end":{"line":109,"column":9}},{"start":{},"end":{}}],"line":98},"6":{"loc":{"start":{"line":105,"column":17},"end":{"line":105,"column":53}},"type":"binary-expr","locations":[{"start":{"line":105,"column":17},"end":{"line":105,"column":30}},{"start":{"line":105,"column":34},"end":{"line":105,"column":53}}],"line":105},"7":{"loc":{"start":{"line":115,"column":10},"end":{"line":117,"column":7}},"type":"binary-expr","locations":[{"start":{"line":115,"column":10},"end":{"line":115,"column":32}},{"start":{"line":115,"column":36},"end":{"line":117,"column":7}}],"line":115},"8":{"loc":{"start":{"line":118,"column":10},"end":{"line":120,"column":7}},"type":"binary-expr","locations":[{"start":{"line":118,"column":10},"end":{"line":118,"column":46}},{"start":{"line":118,"column":50},"end":{"line":120,"column":7}}],"line":118},"9":{"loc":{"start":{"line":121,"column":10},"end":{"line":123,"column":7}},"type":"binary-expr","locations":[{"start":{"line":121,"column":10},"end":{"line":121,"column":37}},{"start":{"line":121,"column":41},"end":{"line":123,"column":7}}],"line":121},"10":{"loc":{"start":{"line":132,"column":6},"end":{"line":134,"column":7}},"type":"if","locations":[{"start":{"line":132,"column":6},"end":{"line":134,"column":7}},{"start":{},"end":{}}],"line":132},"11":{"loc":{"start":{"line":145,"column":28},"end":{"line":145,"column":58}},"type":"binary-expr","locations":[{"start":{"line":145,"column":28},"end":{"line":145,"column":32}},{"start":{"line":145,"column":36},"end":{"line":145,"column":48}},{"start":{"line":145,"column":52},"end":{"line":145,"column":58}}],"line":145},"12":{"loc":{"start":{"line":146,"column":6},"end":{"line":153,"column":7}},"type":"if","locations":[{"start":{"line":146,"column":6},"end":{"line":153,"column":7}},{"start":{},"end":{}}],"line":146},"13":{"loc":{"start":{"line":162,"column":24},"end":{"line":162,"column":69}},"type":"cond-expr","locations":[{"start":{"line":162,"column":52},"end":{"line":162,"column":61}},{"start":{"line":162,"column":64},"end":{"line":162,"column":69}}],"line":162},"14":{"loc":{"start":{"line":164,"column":6},"end":{"line":168,"column":7}},"type":"if","locations":[{"start":{"line":164,"column":6},"end":{"line":168,"column":7}},{"start":{"line":166,"column":13},"end":{"line":168,"column":7}}],"line":164},"15":{"loc":{"start":{"line":164,"column":10},"end":{"line":164,"column":56}},"type":"binary-expr","locations":[{"start":{"line":164,"column":10},"end":{"line":164,"column":33}},{"start":{"line":164,"column":37},"end":{"line":164,"column":56}}],"line":164},"16":{"loc":{"start":{"line":173,"column":21},"end":{"line":173,"column":76}},"type":"cond-expr","locations":[{"start":{"line":173,"column":49},"end":{"line":173,"column":61}},{"start":{"line":173,"column":64},"end":{"line":173,"column":76}}],"line":173},"17":{"loc":{"start":{"line":192,"column":10},"end":{"line":199,"column":16}},"type":"cond-expr","locations":[{"start":{"line":193,"column":14},"end":{"line":193,"column":17}},{"start":{"line":194,"column":14},"end":{"line":199,"column":16}}],"line":192},"18":{"loc":{"start":{"line":242,"column":4},"end":{"line":244,"column":5}},"type":"if","locations":[{"start":{"line":242,"column":4},"end":{"line":244,"column":5}},{"start":{},"end":{}}],"line":242},"19":{"loc":{"start":{"line":253,"column":6},"end":{"line":256,"column":7}},"type":"if","locations":[{"start":{"line":253,"column":6},"end":{"line":256,"column":7}},{"start":{},"end":{}}],"line":253},"20":{"loc":{"start":{"line":265,"column":16},"end":{"line":265,"column":38}},"type":"binary-expr","locations":[{"start":{"line":265,"column":16},"end":{"line":265,"column":28}},{"start":{"line":265,"column":32},"end":{"line":265,"column":38}}],"line":265},"21":{"loc":{"start":{"line":270,"column":4},"end":{"line":272,"column":5}},"type":"if","locations":[{"start":{"line":270,"column":4},"end":{"line":272,"column":5}},{"start":{},"end":{}}],"line":270}},"s":{"0":78,"1":78,"2":78,"3":78,"4":78,"5":78,"6":78,"7":78,"8":78,"9":78,"10":34,"11":20,"12":20,"13":13,"14":7,"15":6,"16":1,"17":1,"18":20,"19":5,"20":5,"21":5,"22":11,"23":11,"24":11,"25":11,"26":11,"27":0,"28":0,"29":0,"30":34,"31":34,"32":34,"33":34,"34":34,"35":78,"36":29,"37":29,"38":0,"39":29,"40":29,"41":29,"42":29,"43":29,"44":29,"45":29,"46":29,"47":5,"48":24,"49":29,"50":29,"51":29,"52":21,"53":21,"54":11,"55":11,"56":11,"57":28,"58":78,"59":9,"60":78,"61":2,"62":78,"63":6,"64":78,"65":2,"66":2,"67":2,"68":2,"69":2,"70":78,"71":2,"72":2,"73":2,"74":78,"75":2,"76":2,"77":2,"78":2,"79":2,"80":2,"81":2,"82":2,"83":2,"84":2,"85":78,"86":2,"87":78},"f":{"0":78,"1":34,"2":20,"3":5,"4":11,"5":11,"6":11,"7":0,"8":34,"9":29,"10":9,"11":2,"12":6,"13":2,"14":2,"15":2,"16":2},"b":{"0":[66],"1":[78,66],"2":[13,7],"3":[6,1],"4":[1,0],"5":[0,0],"6":[0,0],"7":[34,1],"8":[34,1],"9":[34,1],"10":[34,0],"11":[29,9,6],"12":[0,29],"13":[25,4],"14":[5,24],"15":[29,25],"16":[25,4],"17":[6,5],"18":[2,0],"19":[2,0],"20":[2,1],"21":[2,0]},"_coverageSchema":"1a1c01bbd47fc00a2c39e90264f33305004495a9","hash":"f36979906f1e9bf268a0baa725cd2657425a7086"}
,"/Users/shan/dev/iotashan/react-native-dl-scan/src/test-utils/mockOCRData.ts": {"path":"/Users/shan/dev/iotashan/react-native-dl-scan/src/test-utils/mockOCRData.ts","statementMap":{"0":{"start":{"line":12,"column":2},"end":{"line":43,"column":4}},"1":{"start":{"line":52,"column":2},"end":{"line":55,"column":6}},"2":{"start":{"line":52,"column":45},"end":{"line":55,"column":3}},"3":{"start":{"line":64,"column":19},"end":{"line":64,"column":40}},"4":{"start":{"line":67,"column":28},"end":{"line":75,"column":4}},"5":{"start":{"line":68,"column":4},"end":{"line":73,"column":5}},"6":{"start":{"line":69,"column":6},"end":{"line":72,"column":8}},"7":{"start":{"line":74,"column":4},"end":{"line":74,"column":15}},"8":{"start":{"line":77,"column":2},"end":{"line":77,"column":27}},"9":{"start":{"line":84,"column":2},"end":{"line":100,"column":4}},"10":{"start":{"line":107,"column":2},"end":{"line":107,"column":12}},"11":{"start":{"line":114,"column":2},"end":{"line":126,"column":4}},"12":{"start":{"line":132,"column":31},"end":{"line":142,"column":1}}},"fnMap":{"0":{"name":"generateMockOCRData","decl":{"start":{"line":11,"column":16},"end":{"line":11,"column":35}},"loc":{"start":{"line":11,"column":60},"end":{"line":44,"column":1}},"line":11},"1":{"name":"generateMockOCRDataWithConfidence","decl":{"start":{"line":49,"column":16},"end":{"line":49,"column":49}},"loc":{"start":{"line":51,"column":24},"end":{"line":56,"column":1}},"line":51},"2":{"name":"(anonymous_2)","decl":{"start":{"line":52,"column":35},"end":{"line":52,"column":36}},"loc":{"start":{"line":52,"column":45},"end":{"line":55,"column":3}},"line":52},"3":{"name":"generateMockOCRDataForState","decl":{"start":{"line":61,"column":16},"end":{"line":61,"column":43}},"loc":{"start":{"line":63,"column":24},"end":{"line":78,"column":1}},"line":63},"4":{"name":"(anonymous_4)","decl":{"start":{"line":67,"column":41},"end":{"line":67,"column":42}},"loc":{"start":{"line":67,"column":50},"end":{"line":75,"column":3}},"line":67},"5":{"name":"generateLowQualityMockOCRData","decl":{"start":{"line":83,"column":16},"end":{"line":83,"column":45}},"loc":{"start":{"line":83,"column":70},"end":{"line":101,"column":1}},"line":83},"6":{"name":"generateEmptyMockOCRData","decl":{"start":{"line":106,"column":16},"end":{"line":106,"column":40}},"loc":{"start":{"line":106,"column":65},"end":{"line":108,"column":1}},"line":106},"7":{"name":"generatePartialMockOCRData","decl":{"start":{"line":113,"column":16},"end":{"line":113,"column":42}},"loc":{"start":{"line":113,"column":67},"end":{"line":127,"column":1}},"line":113}},"branchMap":{"0":{"loc":{"start":{"line":68,"column":4},"end":{"line":73,"column":5}},"type":"if","locations":[{"start":{"line":68,"column":4},"end":{"line":73,"column":5}},{"start":{},"end":{}}],"line":68}},"s":{"0":5,"1":0,"2":0,"3":0,"4":0,"5":0,"6":0,"7":0,"8":0,"9":0,"10":0,"11":0,"12":1},"f":{"0":5,"1":0,"2":0,"3":0,"4":0,"5":0,"6":0,"7":0},"b":{"0":[0,0]},"_coverageSchema":"1a1c01bbd47fc00a2c39e90264f33305004495a9","hash":"65caeddb2e9961ac2c398b02f70f3f4f40d6bd1c"}
,"/Users/shan/dev/iotashan/react-native-dl-scan/src/types/license.ts": {"path":"/Users/shan/dev/iotashan/react-native-dl-scan/src/types/license.ts","statementMap":{},"fnMap":{},"branchMap":{},"s":{},"f":{},"b":{},"_coverageSchema":"1a1c01bbd47fc00a2c39e90264f33305004495a9","hash":"04e9f5211187e94ab69062a76f1692533ac44a1e"}
,"/Users/shan/dev/iotashan/react-native-dl-scan/src/utils/FallbackController.ts": {"path":"/Users/shan/dev/iotashan/react-native-dl-scan/src/utils/FallbackController.ts","statementMap":{"0":{"start":{"line":32,"column":40},"end":{"line":32,"column":46}},"1":{"start":{"line":33,"column":34},"end":{"line":33,"column":40}},"2":{"start":{"line":34,"column":34},"end":{"line":34,"column":35}},"3":{"start":{"line":36,"column":36},"end":{"line":36,"column":37}},"4":{"start":{"line":39,"column":39},"end":{"line":39,"column":44}},"5":{"start":{"line":45,"column":4},"end":{"line":51,"column":6}},"6":{"start":{"line":52,"column":4},"end":{"line":52,"column":25}},"7":{"start":{"line":55,"column":4},"end":{"line":55,"column":31}},"8":{"start":{"line":57,"column":4},"end":{"line":57,"column":75}},"9":{"start":{"line":67,"column":4},"end":{"line":67,"column":17}},"10":{"start":{"line":68,"column":4},"end":{"line":68,"column":28}},"11":{"start":{"line":69,"column":4},"end":{"line":69,"column":36}},"12":{"start":{"line":70,"column":4},"end":{"line":70,"column":49}},"13":{"start":{"line":73,"column":4},"end":{"line":73,"column":36}},"14":{"start":{"line":74,"column":4},"end":{"line":74,"column":37}},"15":{"start":{"line":76,"column":4},"end":{"line":79,"column":7}},"16":{"start":{"line":81,"column":4},"end":{"line":143,"column":5}},"17":{"start":{"line":83,"column":6},"end":{"line":83,"column":46}},"18":{"start":{"line":85,"column":6},"end":{"line":87,"column":7}},"19":{"start":{"line":86,"column":8},"end":{"line":86,"column":72}},"20":{"start":{"line":89,"column":6},"end":{"line":91,"column":7}},"21":{"start":{"line":90,"column":8},"end":{"line":90,"column":62}},"22":{"start":{"line":94,"column":6},"end":{"line":108,"column":7}},"23":{"start":{"line":95,"column":8},"end":{"line":107,"column":9}},"24":{"start":{"line":96,"column":10},"end":{"line":96,"column":76}},"25":{"start":{"line":98,"column":10},"end":{"line":105,"column":11}},"26":{"start":{"line":99,"column":12},"end":{"line":104,"column":15}},"27":{"start":{"line":106,"column":10},"end":{"line":106,"column":22}},"28":{"start":{"line":110,"column":6},"end":{"line":115,"column":9}},"29":{"start":{"line":117,"column":6},"end":{"line":117,"column":33}},"30":{"start":{"line":118,"column":6},"end":{"line":118,"column":45}},"31":{"start":{"line":119,"column":6},"end":{"line":119,"column":18}},"32":{"start":{"line":122,"column":24},"end":{"line":122,"column":54}},"33":{"start":{"line":125,"column":6},"end":{"line":142,"column":7}},"34":{"start":{"line":126,"column":8},"end":{"line":141,"column":11}},"35":{"start":{"line":152,"column":4},"end":{"line":267,"column":5}},"36":{"start":{"line":153,"column":21},"end":{"line":153,"column":63}},"37":{"start":{"line":154,"column":6},"end":{"line":154,"column":70}},"38":{"start":{"line":155,"column":6},"end":{"line":155,"column":20}},"39":{"start":{"line":157,"column":26},"end":{"line":157,"column":57}},"40":{"start":{"line":158,"column":29},"end":{"line":161,"column":7}},"41":{"start":{"line":163,"column":6},"end":{"line":165,"column":7}},"42":{"start":{"line":164,"column":8},"end":{"line":164,"column":27}},"43":{"start":{"line":169,"column":8},"end":{"line":169,"column":17}},"44":{"start":{"line":170,"column":6},"end":{"line":177,"column":7}},"45":{"start":{"line":171,"column":8},"end":{"line":171,"column":35}},"46":{"start":{"line":172,"column":13},"end":{"line":177,"column":7}},"47":{"start":{"line":176,"column":8},"end":{"line":176,"column":35}},"48":{"start":{"line":179,"column":6},"end":{"line":183,"column":9}},"49":{"start":{"line":185,"column":6},"end":{"line":189,"column":8}},"50":{"start":{"line":190,"column":6},"end":{"line":190,"column":46}},"51":{"start":{"line":193,"column":6},"end":{"line":193,"column":43}},"52":{"start":{"line":196,"column":32},"end":{"line":204,"column":8}},"53":{"start":{"line":198,"column":50},"end":{"line":198,"column":76}},"54":{"start":{"line":201,"column":8},"end":{"line":203,"column":15}},"55":{"start":{"line":202,"column":10},"end":{"line":202,"column":31}},"56":{"start":{"line":206,"column":29},"end":{"line":218,"column":8}},"57":{"start":{"line":207,"column":8},"end":{"line":217,"column":16}},"58":{"start":{"line":208,"column":10},"end":{"line":216,"column":12}},"59":{"start":{"line":221,"column":6},"end":{"line":239,"column":7}},"60":{"start":{"line":222,"column":8},"end":{"line":222,"column":78}},"61":{"start":{"line":224,"column":31},"end":{"line":224,"column":66}},"62":{"start":{"line":225,"column":8},"end":{"line":237,"column":11}},"63":{"start":{"line":238,"column":8},"end":{"line":238,"column":30}},"64":{"start":{"line":242,"column":29},"end":{"line":242,"column":64}},"65":{"start":{"line":243,"column":6},"end":{"line":257,"column":7}},"66":{"start":{"line":244,"column":8},"end":{"line":256,"column":11}},"67":{"start":{"line":259,"column":24},"end":{"line":259,"column":62}},"68":{"start":{"line":260,"column":6},"end":{"line":264,"column":9}},"69":{"start":{"line":266,"column":6},"end":{"line":266,"column":23}},"70":{"start":{"line":274,"column":4},"end":{"line":274,"column":32}},"71":{"start":{"line":276,"column":4},"end":{"line":339,"column":5}},"72":{"start":{"line":278,"column":6},"end":{"line":326,"column":8}},"73":{"start":{"line":281,"column":10},"end":{"line":281,"column":33}},"74":{"start":{"line":282,"column":10},"end":{"line":282,"column":32}},"75":{"start":{"line":285,"column":10},"end":{"line":285,"column":52}},"76":{"start":{"line":288,"column":33},"end":{"line":300,"column":12}},"77":{"start":{"line":289,"column":12},"end":{"line":299,"column":45}},"78":{"start":{"line":290,"column":14},"end":{"line":298,"column":16}},"79":{"start":{"line":302,"column":30},"end":{"line":307,"column":11}},"80":{"start":{"line":305,"column":14},"end":{"line":305,"column":46}},"81":{"start":{"line":309,"column":25},"end":{"line":309,"column":74}},"82":{"start":{"line":311,"column":10},"end":{"line":311,"column":40}},"83":{"start":{"line":312,"column":10},"end":{"line":317,"column":13}},"84":{"start":{"line":318,"column":10},"end":{"line":318,"column":24}},"85":{"start":{"line":329,"column":6},"end":{"line":331,"column":7}},"86":{"start":{"line":330,"column":8},"end":{"line":330,"column":20}},"87":{"start":{"line":333,"column":6},"end":{"line":338,"column":9}},"88":{"start":{"line":348,"column":4},"end":{"line":348,"column":28}},"89":{"start":{"line":352,"column":6},"end":{"line":353,"column":36}},"90":{"start":{"line":352,"column":44},"end":{"line":352,"column":64}},"91":{"start":{"line":355,"column":4},"end":{"line":355,"column":56}},"92":{"start":{"line":358,"column":4},"end":{"line":425,"column":6}},"93":{"start":{"line":361,"column":8},"end":{"line":361,"column":30}},"94":{"start":{"line":364,"column":8},"end":{"line":364,"column":46}},"95":{"start":{"line":367,"column":31},"end":{"line":379,"column":10}},"96":{"start":{"line":368,"column":10},"end":{"line":378,"column":19}},"97":{"start":{"line":369,"column":12},"end":{"line":377,"column":14}},"98":{"start":{"line":382,"column":38},"end":{"line":391,"column":9}},"99":{"start":{"line":386,"column":12},"end":{"line":388,"column":13}},"100":{"start":{"line":387,"column":14},"end":{"line":387,"column":71}},"101":{"start":{"line":387,"column":45},"end":{"line":387,"column":69}},"102":{"start":{"line":389,"column":12},"end":{"line":389,"column":79}},"103":{"start":{"line":393,"column":23},"end":{"line":396,"column":10}},"104":{"start":{"line":399,"column":28},"end":{"line":404,"column":32}},"105":{"start":{"line":405,"column":32},"end":{"line":405,"column":47}},"106":{"start":{"line":407,"column":8},"end":{"line":407,"column":78}},"107":{"start":{"line":409,"column":8},"end":{"line":409,"column":38}},"108":{"start":{"line":410,"column":8},"end":{"line":416,"column":11}},"109":{"start":{"line":417,"column":8},"end":{"line":417,"column":22}},"110":{"start":{"line":433,"column":4},"end":{"line":435,"column":5}},"111":{"start":{"line":434,"column":6},"end":{"line":434,"column":19}},"112":{"start":{"line":438,"column":26},"end":{"line":438,"column":79}},"113":{"start":{"line":439,"column":4},"end":{"line":442,"column":5}},"114":{"start":{"line":441,"column":6},"end":{"line":441,"column":19}},"115":{"start":{"line":445,"column":4},"end":{"line":447,"column":5}},"116":{"start":{"line":446,"column":6},"end":{"line":446,"column":18}},"117":{"start":{"line":450,"column":4},"end":{"line":452,"column":5}},"118":{"start":{"line":451,"column":6},"end":{"line":451,"column":18}},"119":{"start":{"line":455,"column":4},"end":{"line":463,"column":5}},"120":{"start":{"line":456,"column":28},"end":{"line":461,"column":7}},"121":{"start":{"line":462,"column":6},"end":{"line":462,"column":48}},"122":{"start":{"line":465,"column":4},"end":{"line":465,"column":17}},"123":{"start":{"line":475,"column":22},"end":{"line":475,"column":23}},"124":{"start":{"line":476,"column":44},"end":{"line":476,"column":46}},"125":{"start":{"line":478,"column":4},"end":{"line":480,"column":5}},"126":{"start":{"line":478,"column":17},"end":{"line":478,"column":18}},"127":{"start":{"line":479,"column":6},"end":{"line":479,"column":61}},"128":{"start":{"line":483,"column":56},"end":{"line":483,"column":58}},"129":{"start":{"line":485,"column":4},"end":{"line":491,"column":5}},"130":{"start":{"line":487,"column":31},"end":{"line":489,"column":7}},"131":{"start":{"line":488,"column":18},"end":{"line":488,"column":45}},"132":{"start":{"line":490,"column":6},"end":{"line":490,"column":54}},"133":{"start":{"line":494,"column":36},"end":{"line":496,"column":5}},"134":{"start":{"line":495,"column":15},"end":{"line":495,"column":35}},"135":{"start":{"line":498,"column":4},"end":{"line":502,"column":7}},"136":{"start":{"line":504,"column":4},"end":{"line":508,"column":6}},"137":{"start":{"line":516,"column":4},"end":{"line":519,"column":12}},"138":{"start":{"line":517,"column":6},"end":{"line":517,"column":36}},"139":{"start":{"line":518,"column":6},"end":{"line":518,"column":65}},"140":{"start":{"line":529,"column":4},"end":{"line":560,"column":6}},"141":{"start":{"line":567,"column":4},"end":{"line":567,"column":33}},"142":{"start":{"line":568,"column":4},"end":{"line":568,"column":26}},"143":{"start":{"line":575,"column":4},"end":{"line":575,"column":47}},"144":{"start":{"line":575,"column":40},"end":{"line":575,"column":47}},"145":{"start":{"line":577,"column":35},"end":{"line":584,"column":5}},"146":{"start":{"line":586,"column":4},"end":{"line":586,"column":43}},"147":{"start":{"line":597,"column":4},"end":{"line":597,"column":43}},"148":{"start":{"line":597,"column":36},"end":{"line":597,"column":43}},"149":{"start":{"line":598,"column":4},"end":{"line":598,"column":55}},"150":{"start":{"line":605,"column":4},"end":{"line":605,"column":46}},"151":{"start":{"line":605,"column":39},"end":{"line":605,"column":46}},"152":{"start":{"line":607,"column":46},"end":{"line":610,"column":5}},"153":{"start":{"line":612,"column":4},"end":{"line":612,"column":45}},"154":{"start":{"line":619,"column":4},"end":{"line":634,"column":5}},"155":{"start":{"line":621,"column":8},"end":{"line":621,"column":31}},"156":{"start":{"line":623,"column":8},"end":{"line":623,"column":37}},"157":{"start":{"line":625,"column":8},"end":{"line":625,"column":41}},"158":{"start":{"line":627,"column":8},"end":{"line":627,"column":50}},"159":{"start":{"line":629,"column":8},"end":{"line":629,"column":45}},"160":{"start":{"line":631,"column":8},"end":{"line":631,"column":29}},"161":{"start":{"line":633,"column":8},"end":{"line":633,"column":31}},"162":{"start":{"line":641,"column":4},"end":{"line":643,"column":5}},"163":{"start":{"line":642,"column":6},"end":{"line":642,"column":35}},"164":{"start":{"line":644,"column":4},"end":{"line":644,"column":29}},"165":{"start":{"line":645,"column":4},"end":{"line":645,"column":42}},"166":{"start":{"line":652,"column":4},"end":{"line":652,"column":31}},"167":{"start":{"line":653,"column":4},"end":{"line":653,"column":27}},"168":{"start":{"line":654,"column":4},"end":{"line":654,"column":29}},"169":{"start":{"line":655,"column":4},"end":{"line":657,"column":5}},"170":{"start":{"line":656,"column":6},"end":{"line":656,"column":35}},"171":{"start":{"line":664,"column":4},"end":{"line":664,"column":51}},"172":{"start":{"line":665,"column":4},"end":{"line":665,"column":78}},"173":{"start":{"line":672,"column":4},"end":{"line":672,"column":30}},"174":{"start":{"line":679,"column":4},"end":{"line":679,"column":29}},"175":{"start":{"line":686,"column":4},"end":{"line":686,"column":28}},"176":{"start":{"line":693,"column":4},"end":{"line":693,"column":42}},"177":{"start":{"line":700,"column":4},"end":{"line":700,"column":44}},"178":{"start":{"line":702,"column":4},"end":{"line":704,"column":5}},"179":{"start":{"line":703,"column":6},"end":{"line":703,"column":44}}},"fnMap":{"0":{"name":"(anonymous_0)","decl":{"start":{"line":41,"column":2},"end":{"line":41,"column":3}},"loc":{"start":{"line":44,"column":4},"end":{"line":58,"column":3}},"line":44},"1":{"name":"(anonymous_1)","decl":{"start":{"line":63,"column":2},"end":{"line":63,"column":3}},"loc":{"start":{"line":66,"column":26},"end":{"line":144,"column":3}},"line":66},"2":{"name":"(anonymous_2)","decl":{"start":{"line":149,"column":2},"end":{"line":149,"column":3}},"loc":{"start":{"line":151,"column":26},"end":{"line":268,"column":3}},"line":151},"3":{"name":"(anonymous_3)","decl":{"start":{"line":196,"column":66},"end":{"line":196,"column":67}},"loc":{"start":{"line":196,"column":79},"end":{"line":204,"column":7}},"line":196},"4":{"name":"(anonymous_4)","decl":{"start":{"line":201,"column":19},"end":{"line":201,"column":20}},"loc":{"start":{"line":201,"column":25},"end":{"line":203,"column":9}},"line":201},"5":{"name":"(anonymous_5)","decl":{"start":{"line":206,"column":48},"end":{"line":206,"column":49}},"loc":{"start":{"line":206,"column":63},"end":{"line":218,"column":7}},"line":206},"6":{"name":"(anonymous_6)","decl":{"start":{"line":207,"column":19},"end":{"line":207,"column":20}},"loc":{"start":{"line":207,"column":25},"end":{"line":217,"column":9}},"line":207},"7":{"name":"(anonymous_7)","decl":{"start":{"line":273,"column":2},"end":{"line":273,"column":3}},"loc":{"start":{"line":273,"column":78},"end":{"line":340,"column":3}},"line":273},"8":{"name":"(anonymous_8)","decl":{"start":{"line":280,"column":8},"end":{"line":280,"column":9}},"loc":{"start":{"line":280,"column":20},"end":{"line":319,"column":9}},"line":280},"9":{"name":"(anonymous_9)","decl":{"start":{"line":288,"column":52},"end":{"line":288,"column":53}},"loc":{"start":{"line":288,"column":67},"end":{"line":300,"column":11}},"line":288},"10":{"name":"(anonymous_10)","decl":{"start":{"line":289,"column":23},"end":{"line":289,"column":24}},"loc":{"start":{"line":289,"column":29},"end":{"line":299,"column":13}},"line":289},"11":{"name":"(anonymous_11)","decl":{"start":{"line":304,"column":12},"end":{"line":304,"column":13}},"loc":{"start":{"line":304,"column":24},"end":{"line":306,"column":13}},"line":304},"12":{"name":"(anonymous_12)","decl":{"start":{"line":345,"column":2},"end":{"line":345,"column":3}},"loc":{"start":{"line":347,"column":26},"end":{"line":426,"column":3}},"line":347},"13":{"name":"(anonymous_13)","decl":{"start":{"line":352,"column":30},"end":{"line":352,"column":31}},"loc":{"start":{"line":352,"column":44},"end":{"line":352,"column":64}},"line":352},"14":{"name":"(anonymous_14)","decl":{"start":{"line":360,"column":6},"end":{"line":360,"column":7}},"loc":{"start":{"line":360,"column":18},"end":{"line":418,"column":7}},"line":360},"15":{"name":"(anonymous_15)","decl":{"start":{"line":367,"column":50},"end":{"line":367,"column":51}},"loc":{"start":{"line":367,"column":65},"end":{"line":379,"column":9}},"line":367},"16":{"name":"(anonymous_16)","decl":{"start":{"line":368,"column":21},"end":{"line":368,"column":22}},"loc":{"start":{"line":368,"column":27},"end":{"line":378,"column":11}},"line":368},"17":{"name":"(anonymous_17)","decl":{"start":{"line":384,"column":10},"end":{"line":384,"column":11}},"loc":{"start":{"line":384,"column":22},"end":{"line":390,"column":11}},"line":384},"18":{"name":"(anonymous_18)","decl":{"start":{"line":387,"column":32},"end":{"line":387,"column":33}},"loc":{"start":{"line":387,"column":45},"end":{"line":387,"column":69}},"line":387},"19":{"name":"(anonymous_19)","decl":{"start":{"line":431,"column":2},"end":{"line":431,"column":3}},"loc":{"start":{"line":431,"column":78},"end":{"line":466,"column":3}},"line":431},"20":{"name":"(anonymous_20)","decl":{"start":{"line":471,"column":2},"end":{"line":471,"column":3}},"loc":{"start":{"line":473,"column":26},"end":{"line":509,"column":3}},"line":473},"21":{"name":"(anonymous_21)","decl":{"start":{"line":488,"column":8},"end":{"line":488,"column":9}},"loc":{"start":{"line":488,"column":18},"end":{"line":488,"column":45}},"line":488},"22":{"name":"(anonymous_22)","decl":{"start":{"line":495,"column":6},"end":{"line":495,"column":7}},"loc":{"start":{"line":495,"column":15},"end":{"line":495,"column":35}},"line":495},"23":{"name":"(anonymous_23)","decl":{"start":{"line":514,"column":2},"end":{"line":514,"column":3}},"loc":{"start":{"line":514,"column":53},"end":{"line":520,"column":3}},"line":514},"24":{"name":"(anonymous_24)","decl":{"start":{"line":516,"column":15},"end":{"line":516,"column":16}},"loc":{"start":{"line":516,"column":21},"end":{"line":519,"column":5}},"line":516},"25":{"name":"(anonymous_25)","decl":{"start":{"line":526,"column":2},"end":{"line":526,"column":3}},"loc":{"start":{"line":526,"column":54},"end":{"line":561,"column":3}},"line":526},"26":{"name":"(anonymous_26)","decl":{"start":{"line":566,"column":2},"end":{"line":566,"column":3}},"loc":{"start":{"line":566,"column":53},"end":{"line":569,"column":3}},"line":566},"27":{"name":"(anonymous_27)","decl":{"start":{"line":574,"column":2},"end":{"line":574,"column":3}},"loc":{"start":{"line":574,"column":33},"end":{"line":587,"column":3}},"line":574},"28":{"name":"(anonymous_28)","decl":{"start":{"line":592,"column":2},"end":{"line":592,"column":3}},"loc":{"start":{"line":596,"column":10},"end":{"line":599,"column":3}},"line":596},"29":{"name":"(anonymous_29)","decl":{"start":{"line":604,"column":2},"end":{"line":604,"column":3}},"loc":{"start":{"line":604,"column":61},"end":{"line":613,"column":3}},"line":604},"30":{"name":"(anonymous_30)","decl":{"start":{"line":618,"column":2},"end":{"line":618,"column":3}},"loc":{"start":{"line":618,"column":39},"end":{"line":635,"column":3}},"line":618},"31":{"name":"(anonymous_31)","decl":{"start":{"line":640,"column":2},"end":{"line":640,"column":3}},"loc":{"start":{"line":640,"column":17},"end":{"line":646,"column":3}},"line":640},"32":{"name":"(anonymous_32)","decl":{"start":{"line":651,"column":2},"end":{"line":651,"column":3}},"loc":{"start":{"line":651,"column":24},"end":{"line":658,"column":3}},"line":651},"33":{"name":"(anonymous_33)","decl":{"start":{"line":663,"column":2},"end":{"line":663,"column":3}},"loc":{"start":{"line":663,"column":57},"end":{"line":666,"column":3}},"line":663},"34":{"name":"(anonymous_34)","decl":{"start":{"line":671,"column":2},"end":{"line":671,"column":3}},"loc":{"start":{"line":671,"column":30},"end":{"line":673,"column":3}},"line":671},"35":{"name":"(anonymous_35)","decl":{"start":{"line":678,"column":2},"end":{"line":678,"column":3}},"loc":{"start":{"line":678,"column":28},"end":{"line":680,"column":3}},"line":678},"36":{"name":"(anonymous_36)","decl":{"start":{"line":685,"column":2},"end":{"line":685,"column":3}},"loc":{"start":{"line":685,"column":22},"end":{"line":687,"column":3}},"line":685},"37":{"name":"(anonymous_37)","decl":{"start":{"line":692,"column":2},"end":{"line":692,"column":3}},"loc":{"start":{"line":692,"column":47},"end":{"line":694,"column":3}},"line":692},"38":{"name":"(anonymous_38)","decl":{"start":{"line":699,"column":2},"end":{"line":699,"column":3}},"loc":{"start":{"line":699,"column":52},"end":{"line":705,"column":3}},"line":699}},"branchMap":{"0":{"loc":{"start":{"line":42,"column":4},"end":{"line":42,"column":40}},"type":"default-arg","locations":[{"start":{"line":42,"column":38},"end":{"line":42,"column":40}}],"line":42},"1":{"loc":{"start":{"line":65,"column":4},"end":{"line":65,"column":27}},"type":"default-arg","locations":[{"start":{"line":65,"column":21},"end":{"line":65,"column":27}}],"line":65},"2":{"loc":{"start":{"line":78,"column":17},"end":{"line":78,"column":62}},"type":"cond-expr","locations":[{"start":{"line":78,"column":45},"end":{"line":78,"column":54}},{"start":{"line":78,"column":57},"end":{"line":78,"column":62}}],"line":78},"3":{"loc":{"start":{"line":85,"column":6},"end":{"line":87,"column":7}},"type":"if","locations":[{"start":{"line":85,"column":6},"end":{"line":87,"column":7}},{"start":{},"end":{}}],"line":85},"4":{"loc":{"start":{"line":85,"column":10},"end":{"line":85,"column":48}},"type":"binary-expr","locations":[{"start":{"line":85,"column":10},"end":{"line":85,"column":24}},{"start":{"line":85,"column":28},"end":{"line":85,"column":48}}],"line":85},"5":{"loc":{"start":{"line":89,"column":6},"end":{"line":91,"column":7}},"type":"if","locations":[{"start":{"line":89,"column":6},"end":{"line":91,"column":7}},{"start":{},"end":{}}],"line":89},"6":{"loc":{"start":{"line":94,"column":6},"end":{"line":108,"column":7}},"type":"if","locations":[{"start":{"line":94,"column":6},"end":{"line":108,"column":7}},{"start":{},"end":{}}],"line":94},"7":{"loc":{"start":{"line":98,"column":10},"end":{"line":105,"column":11}},"type":"if","locations":[{"start":{"line":98,"column":10},"end":{"line":105,"column":11}},{"start":{},"end":{}}],"line":98},"8":{"loc":{"start":{"line":125,"column":6},"end":{"line":142,"column":7}},"type":"if","locations":[{"start":{"line":125,"column":6},"end":{"line":142,"column":7}},{"start":{},"end":{}}],"line":125},"9":{"loc":{"start":{"line":125,"column":10},"end":{"line":125,"column":74}},"type":"binary-expr","locations":[{"start":{"line":125,"column":10},"end":{"line":125,"column":19}},{"start":{"line":125,"column":23},"end":{"line":125,"column":74}}],"line":125},"10":{"loc":{"start":{"line":163,"column":6},"end":{"line":165,"column":7}},"type":"if","locations":[{"start":{"line":163,"column":6},"end":{"line":165,"column":7}},{"start":{},"end":{}}],"line":163},"11":{"loc":{"start":{"line":170,"column":6},"end":{"line":177,"column":7}},"type":"if","locations":[{"start":{"line":170,"column":6},"end":{"line":177,"column":7}},{"start":{"line":172,"column":13},"end":{"line":177,"column":7}}],"line":170},"12":{"loc":{"start":{"line":172,"column":13},"end":{"line":177,"column":7}},"type":"if","locations":[{"start":{"line":172,"column":13},"end":{"line":177,"column":7}},{"start":{},"end":{}}],"line":172},"13":{"loc":{"start":{"line":173,"column":8},"end":{"line":174,"column":45}},"type":"binary-expr","locations":[{"start":{"line":173,"column":8},"end":{"line":173,"column":41}},{"start":{"line":174,"column":8},"end":{"line":174,"column":45}}],"line":173},"14":{"loc":{"start":{"line":243,"column":6},"end":{"line":257,"column":7}},"type":"if","locations":[{"start":{"line":243,"column":6},"end":{"line":257,"column":7}},{"start":{},"end":{}}],"line":243},"15":{"loc":{"start":{"line":243,"column":10},"end":{"line":243,"column":48}},"type":"binary-expr","locations":[{"start":{"line":243,"column":10},"end":{"line":243,"column":24}},{"start":{"line":243,"column":28},"end":{"line":243,"column":48}}],"line":243},"16":{"loc":{"start":{"line":316,"column":14},"end":{"line":316,"column":73}},"type":"binary-expr","locations":[{"start":{"line":316,"column":14},"end":{"line":316,"column":68}},{"start":{"line":316,"column":72},"end":{"line":316,"column":73}}],"line":316},"17":{"loc":{"start":{"line":329,"column":6},"end":{"line":331,"column":7}},"type":"if","locations":[{"start":{"line":329,"column":6},"end":{"line":331,"column":7}},{"start":{},"end":{}}],"line":329},"18":{"loc":{"start":{"line":353,"column":7},"end":{"line":353,"column":35}},"type":"binary-expr","locations":[{"start":{"line":353,"column":7},"end":{"line":353,"column":30}},{"start":{"line":353,"column":34},"end":{"line":353,"column":35}}],"line":353},"19":{"loc":{"start":{"line":386,"column":12},"end":{"line":388,"column":13}},"type":"if","locations":[{"start":{"line":386,"column":12},"end":{"line":388,"column":13}},{"start":{},"end":{}}],"line":386},"20":{"loc":{"start":{"line":415,"column":12},"end":{"line":415,"column":67}},"type":"binary-expr","locations":[{"start":{"line":415,"column":12},"end":{"line":415,"column":62}},{"start":{"line":415,"column":66},"end":{"line":415,"column":67}}],"line":415},"21":{"loc":{"start":{"line":433,"column":4},"end":{"line":435,"column":5}},"type":"if","locations":[{"start":{"line":433,"column":4},"end":{"line":435,"column":5}},{"start":{},"end":{}}],"line":433},"22":{"loc":{"start":{"line":439,"column":4},"end":{"line":442,"column":5}},"type":"if","locations":[{"start":{"line":439,"column":4},"end":{"line":442,"column":5}},{"start":{},"end":{}}],"line":439},"23":{"loc":{"start":{"line":445,"column":4},"end":{"line":447,"column":5}},"type":"if","locations":[{"start":{"line":445,"column":4},"end":{"line":447,"column":5}},{"start":{},"end":{}}],"line":445},"24":{"loc":{"start":{"line":450,"column":4},"end":{"line":452,"column":5}},"type":"if","locations":[{"start":{"line":450,"column":4},"end":{"line":452,"column":5}},{"start":{},"end":{}}],"line":450},"25":{"loc":{"start":{"line":455,"column":4},"end":{"line":463,"column":5}},"type":"if","locations":[{"start":{"line":455,"column":4},"end":{"line":463,"column":5}},{"start":{},"end":{}}],"line":455},"26":{"loc":{"start":{"line":505,"column":6},"end":{"line":507,"column":31}},"type":"cond-expr","locations":[{"start":{"line":506,"column":10},"end":{"line":506,"column":33}},{"start":{"line":507,"column":10},"end":{"line":507,"column":31}}],"line":505},"27":{"loc":{"start":{"line":575,"column":4},"end":{"line":575,"column":47}},"type":"if","locations":[{"start":{"line":575,"column":4},"end":{"line":575,"column":47}},{"start":{},"end":{}}],"line":575},"28":{"loc":{"start":{"line":597,"column":4},"end":{"line":597,"column":43}},"type":"if","locations":[{"start":{"line":597,"column":4},"end":{"line":597,"column":43}},{"start":{},"end":{}}],"line":597},"29":{"loc":{"start":{"line":605,"column":4},"end":{"line":605,"column":46}},"type":"if","locations":[{"start":{"line":605,"column":4},"end":{"line":605,"column":46}},{"start":{},"end":{}}],"line":605},"30":{"loc":{"start":{"line":619,"column":4},"end":{"line":634,"column":5}},"type":"switch","locations":[{"start":{"line":620,"column":6},"end":{"line":621,"column":31}},{"start":{"line":622,"column":6},"end":{"line":623,"column":37}},{"start":{"line":624,"column":6},"end":{"line":625,"column":41}},{"start":{"line":626,"column":6},"end":{"line":627,"column":50}},{"start":{"line":628,"column":6},"end":{"line":629,"column":45}},{"start":{"line":630,"column":6},"end":{"line":631,"column":29}},{"start":{"line":632,"column":6},"end":{"line":633,"column":31}}],"line":619},"31":{"loc":{"start":{"line":641,"column":4},"end":{"line":643,"column":5}},"type":"if","locations":[{"start":{"line":641,"column":4},"end":{"line":643,"column":5}},{"start":{},"end":{}}],"line":641},"32":{"loc":{"start":{"line":655,"column":4},"end":{"line":657,"column":5}},"type":"if","locations":[{"start":{"line":655,"column":4},"end":{"line":657,"column":5}},{"start":{},"end":{}}],"line":655},"33":{"loc":{"start":{"line":702,"column":4},"end":{"line":704,"column":5}},"type":"if","locations":[{"start":{"line":702,"column":4},"end":{"line":704,"column":5}},{"start":{},"end":{}}],"line":702}},"s":{"0":20,"1":20,"2":20,"3":20,"4":20,"5":20,"6":20,"7":20,"8":20,"9":15,"10":15,"11":15,"12":15,"13":15,"14":15,"15":15,"16":15,"17":15,"18":15,"19":2,"20":13,"21":8,"22":5,"23":4,"24":4,"25":1,"26":0,"27":1,"28":1,"29":6,"30":6,"31":6,"32":15,"33":15,"34":0,"35":4,"36":4,"37":0,"38":0,"39":4,"40":4,"41":4,"42":1,"43":3,"44":3,"45":1,"46":2,"47":0,"48":3,"49":3,"50":3,"51":3,"52":3,"53":3,"54":3,"55":3,"56":3,"57":3,"58":3,"59":3,"60":3,"61":0,"62":0,"63":0,"64":3,"65":3,"66":0,"67":3,"68":3,"69":3,"70":12,"71":12,"72":12,"73":12,"74":12,"75":12,"76":12,"77":12,"78":1,"79":12,"80":12,"81":12,"82":5,"83":5,"84":5,"85":7,"86":6,"87":1,"88":5,"89":5,"90":22,"91":5,"92":5,"93":5,"94":5,"95":5,"96":5,"97":2,"98":5,"99":5,"100":4,"101":4,"102":5,"103":5,"104":4,"105":4,"106":4,"107":4,"108":4,"109":4,"110":4,"111":0,"112":4,"113":4,"114":1,"115":3,"116":1,"117":2,"118":0,"119":2,"120":2,"121":2,"122":0,"123":5,"124":5,"125":5,"126":5,"127":8,"128":5,"129":5,"130":8,"131":23,"132":8,"133":5,"134":22,"135":5,"136":5,"137":20,"138":20,"139":20,"140":3,"141":36,"142":36,"143":53,"144":0,"145":53,"146":53,"147":3,"148":0,"149":3,"150":18,"151":0,"152":18,"153":18,"154":53,"155":1,"156":24,"157":10,"158":3,"159":9,"160":6,"161":0,"162":1,"163":0,"164":1,"165":1,"166":15,"167":15,"168":15,"169":15,"170":0,"171":3,"172":3,"173":3,"174":2,"175":2,"176":0,"177":0,"178":0,"179":0},"f":{"0":20,"1":15,"2":4,"3":3,"4":3,"5":3,"6":3,"7":12,"8":12,"9":12,"10":1,"11":12,"12":5,"13":22,"14":5,"15":5,"16":2,"17":5,"18":4,"19":4,"20":5,"21":23,"22":22,"23":20,"24":20,"25":3,"26":36,"27":53,"28":3,"29":18,"30":53,"31":1,"32":15,"33":3,"34":3,"35":2,"36":2,"37":0,"38":0},"b":{"0":[0],"1":[0],"2":[12,3],"3":[2,13],"4":[15,13],"5":[8,5],"6":[4,1],"7":[0,1],"8":[0,15],"9":[15,15],"10":[1,3],"11":[1,2],"12":[0,2],"13":[2,2],"14":[0,3],"15":[3,3],"16":[5,5],"17":[6,1],"18":[5,0],"19":[4,1],"20":[4,4],"21":[0,4],"22":[1,3],"23":[1,2],"24":[0,2],"25":[2,0],"26":[5,0],"27":[0,53],"28":[0,3],"29":[0,18],"30":[1,24,10,3,9,6,0],"31":[0,1],"32":[0,15],"33":[0,0]},"_coverageSchema":"1a1c01bbd47fc00a2c39e90264f33305004495a9","hash":"9721c755627fe48239a2f8184ee123b6695b3586"}
,"/Users/shan/dev/iotashan/react-native-dl-scan/src/utils/logger.ts": {"path":"/Users/shan/dev/iotashan/react-native-dl-scan/src/utils/logger.ts","statementMap":{"0":{"start":{"line":16,"column":18},"end":{"line":16,"column":25}},"1":{"start":{"line":17,"column":29},"end":{"line":17,"column":31}},"2":{"start":{"line":18,"column":20},"end":{"line":18,"column":23}},"3":{"start":{"line":21,"column":4},"end":{"line":24,"column":5}},"4":{"start":{"line":23,"column":6},"end":{"line":23,"column":63}},"5":{"start":{"line":26,"column":4},"end":{"line":48,"column":5}},"6":{"start":{"line":27,"column":29},"end":{"line":27,"column":58}},"7":{"start":{"line":29,"column":6},"end":{"line":45,"column":7}},"8":{"start":{"line":31,"column":8},"end":{"line":44,"column":9}},"9":{"start":{"line":41,"column":10},"end":{"line":41,"column":40}},"10":{"start":{"line":43,"column":10},"end":{"line":43,"column":52}},"11":{"start":{"line":47,"column":6},"end":{"line":47,"column":23}},"12":{"start":{"line":50,"column":4},"end":{"line":50,"column":16}},"13":{"start":{"line":54,"column":28},"end":{"line":59,"column":5}},"14":{"start":{"line":62,"column":4},"end":{"line":62,"column":26}},"15":{"start":{"line":63,"column":4},"end":{"line":65,"column":5}},"16":{"start":{"line":64,"column":6},"end":{"line":64,"column":24}},"17":{"start":{"line":68,"column":4},"end":{"line":88,"column":5}},"18":{"start":{"line":69,"column":24},"end":{"line":69,"column":53}},"19":{"start":{"line":70,"column":25},"end":{"line":72,"column":12}},"20":{"start":{"line":74,"column":6},"end":{"line":87,"column":7}},"21":{"start":{"line":76,"column":10},"end":{"line":76,"column":77}},"22":{"start":{"line":77,"column":10},"end":{"line":77,"column":16}},"23":{"start":{"line":79,"column":10},"end":{"line":79,"column":77}},"24":{"start":{"line":80,"column":10},"end":{"line":80,"column":16}},"25":{"start":{"line":82,"column":10},"end":{"line":82,"column":77}},"26":{"start":{"line":83,"column":10},"end":{"line":83,"column":16}},"27":{"start":{"line":85,"column":10},"end":{"line":85,"column":79}},"28":{"start":{"line":86,"column":10},"end":{"line":86,"column":16}},"29":{"start":{"line":92,"column":4},"end":{"line":92,"column":40}},"30":{"start":{"line":96,"column":4},"end":{"line":96,"column":39}},"31":{"start":{"line":100,"column":4},"end":{"line":100,"column":39}},"32":{"start":{"line":104,"column":4},"end":{"line":104,"column":40}},"33":{"start":{"line":112,"column":4},"end":{"line":112,"column":35}},"34":{"start":{"line":119,"column":4},"end":{"line":119,"column":19}},"35":{"start":{"line":123,"column":51},"end":{"line":123,"column":60}},"36":{"start":{"line":124,"column":49},"end":{"line":124,"column":58}},"37":{"start":{"line":125,"column":29},"end":{"line":128,"column":3}},"38":{"start":{"line":134,"column":4},"end":{"line":134,"column":49}},"39":{"start":{"line":135,"column":4},"end":{"line":135,"column":41}},"40":{"start":{"line":142,"column":22},"end":{"line":142,"column":54}},"41":{"start":{"line":143,"column":4},"end":{"line":146,"column":5}},"42":{"start":{"line":144,"column":6},"end":{"line":144,"column":44}},"43":{"start":{"line":145,"column":6},"end":{"line":145,"column":18}},"44":{"start":{"line":148,"column":20},"end":{"line":148,"column":42}},"45":{"start":{"line":149,"column":4},"end":{"line":149,"column":40}},"46":{"start":{"line":151,"column":4},"end":{"line":151,"column":54}},"47":{"start":{"line":154,"column":4},"end":{"line":154,"column":57}},"48":{"start":{"line":156,"column":4},"end":{"line":156,"column":19}},"49":{"start":{"line":163,"column":4},"end":{"line":163,"column":26}},"50":{"start":{"line":164,"column":4},"end":{"line":169,"column":5}},"51":{"start":{"line":165,"column":21},"end":{"line":165,"column":31}},"52":{"start":{"line":166,"column":6},"end":{"line":166,"column":20}},"53":{"start":{"line":168,"column":6},"end":{"line":168,"column":27}},"54":{"start":{"line":178,"column":24},"end":{"line":178,"column":25}},"55":{"start":{"line":180,"column":4},"end":{"line":186,"column":5}},"56":{"start":{"line":181,"column":6},"end":{"line":182,"column":67}},"57":{"start":{"line":185,"column":6},"end":{"line":185,"column":47}},"58":{"start":{"line":188,"column":4},"end":{"line":188,"column":70}},"59":{"start":{"line":191,"column":4},"end":{"line":207,"column":5}},"60":{"start":{"line":192,"column":6},"end":{"line":198,"column":8}},"61":{"start":{"line":201,"column":6},"end":{"line":201,"column":34}},"62":{"start":{"line":202,"column":11},"end":{"line":207,"column":5}},"63":{"start":{"line":203,"column":6},"end":{"line":206,"column":9}},"64":{"start":{"line":214,"column":4},"end":{"line":214,"column":32}},"65":{"start":{"line":216,"column":6},"end":{"line":216,"column":61}},"66":{"start":{"line":218,"column":4},"end":{"line":222,"column":5}},"67":{"start":{"line":219,"column":6},"end":{"line":221,"column":8}},"68":{"start":{"line":229,"column":41},"end":{"line":229,"column":43}},"69":{"start":{"line":230,"column":4},"end":{"line":232,"column":7}},"70":{"start":{"line":231,"column":6},"end":{"line":231,"column":27}},"71":{"start":{"line":233,"column":4},"end":{"line":233,"column":19}},"72":{"start":{"line":240,"column":4},"end":{"line":240,"column":36}},"73":{"start":{"line":241,"column":4},"end":{"line":241,"column":35}},"74":{"start":{"line":249,"column":4},"end":{"line":251,"column":5}},"75":{"start":{"line":250,"column":6},"end":{"line":250,"column":39}},"76":{"start":{"line":254,"column":4},"end":{"line":254,"column":36}},"77":{"start":{"line":257,"column":4},"end":{"line":259,"column":5}},"78":{"start":{"line":258,"column":6},"end":{"line":258,"column":18}},"79":{"start":{"line":261,"column":4},"end":{"line":261,"column":42}},"80":{"start":{"line":282,"column":8},"end":{"line":282,"column":15}},"81":{"start":{"line":284,"column":34},"end":{"line":284,"column":38}},"82":{"start":{"line":285,"column":18},"end":{"line":285,"column":32}},"83":{"start":{"line":287,"column":4},"end":{"line":320,"column":5}},"84":{"start":{"line":287,"column":23},"end":{"line":287,"column":24}},"85":{"start":{"line":288,"column":6},"end":{"line":319,"column":7}},"86":{"start":{"line":289,"column":8},"end":{"line":289,"column":69}},"87":{"start":{"line":290,"column":23},"end":{"line":290,"column":33}},"88":{"start":{"line":292,"column":8},"end":{"line":294,"column":9}},"89":{"start":{"line":293,"column":10},"end":{"line":293,"column":72}},"90":{"start":{"line":296,"column":8},"end":{"line":296,"column":22}},"91":{"start":{"line":298,"column":8},"end":{"line":298,"column":35}},"92":{"start":{"line":300,"column":8},"end":{"line":305,"column":9}},"93":{"start":{"line":301,"column":10},"end":{"line":303,"column":13}},"94":{"start":{"line":304,"column":10},"end":{"line":304,"column":16}},"95":{"start":{"line":307,"column":8},"end":{"line":312,"column":10}},"96":{"start":{"line":315,"column":8},"end":{"line":315,"column":69}},"97":{"start":{"line":315,"column":39},"end":{"line":315,"column":67}},"98":{"start":{"line":318,"column":8},"end":{"line":318,"column":68}},"99":{"start":{"line":322,"column":4},"end":{"line":322,"column":70}},"100":{"start":{"line":327,"column":22},"end":{"line":327,"column":34}}},"fnMap":{"0":{"name":"(anonymous_0)","decl":{"start":{"line":20,"column":2},"end":{"line":20,"column":3}},"loc":{"start":{"line":20,"column":35},"end":{"line":51,"column":3}},"line":20},"1":{"name":"(anonymous_1)","decl":{"start":{"line":53,"column":2},"end":{"line":53,"column":3}},"loc":{"start":{"line":53,"column":79},"end":{"line":89,"column":3}},"line":53},"2":{"name":"(anonymous_2)","decl":{"start":{"line":91,"column":2},"end":{"line":91,"column":3}},"loc":{"start":{"line":91,"column":56},"end":{"line":93,"column":3}},"line":91},"3":{"name":"(anonymous_3)","decl":{"start":{"line":95,"column":2},"end":{"line":95,"column":3}},"loc":{"start":{"line":95,"column":55},"end":{"line":97,"column":3}},"line":95},"4":{"name":"(anonymous_4)","decl":{"start":{"line":99,"column":2},"end":{"line":99,"column":3}},"loc":{"start":{"line":99,"column":55},"end":{"line":101,"column":3}},"line":99},"5":{"name":"(anonymous_5)","decl":{"start":{"line":103,"column":2},"end":{"line":103,"column":3}},"loc":{"start":{"line":103,"column":56},"end":{"line":105,"column":3}},"line":103},"6":{"name":"(anonymous_6)","decl":{"start":{"line":111,"column":2},"end":{"line":111,"column":3}},"loc":{"start":{"line":111,"column":48},"end":{"line":113,"column":3}},"line":111},"7":{"name":"(anonymous_7)","decl":{"start":{"line":118,"column":2},"end":{"line":118,"column":3}},"loc":{"start":{"line":118,"column":14},"end":{"line":120,"column":3}},"line":118},"8":{"name":"(anonymous_8)","decl":{"start":{"line":133,"column":2},"end":{"line":133,"column":3}},"loc":{"start":{"line":133,"column":33},"end":{"line":136,"column":3}},"line":133},"9":{"name":"(anonymous_9)","decl":{"start":{"line":141,"column":2},"end":{"line":141,"column":3}},"loc":{"start":{"line":141,"column":41},"end":{"line":157,"column":3}},"line":141},"10":{"name":"(anonymous_10)","decl":{"start":{"line":162,"column":2},"end":{"line":162,"column":3}},"loc":{"start":{"line":162,"column":71},"end":{"line":170,"column":3}},"line":162},"11":{"name":"(anonymous_11)","decl":{"start":{"line":175,"column":2},"end":{"line":175,"column":3}},"loc":{"start":{"line":175,"column":39},"end":{"line":208,"column":3}},"line":175},"12":{"name":"(anonymous_12)","decl":{"start":{"line":213,"column":2},"end":{"line":213,"column":3}},"loc":{"start":{"line":213,"column":67},"end":{"line":223,"column":3}},"line":213},"13":{"name":"(anonymous_13)","decl":{"start":{"line":228,"column":2},"end":{"line":228,"column":3}},"loc":{"start":{"line":228,"column":47},"end":{"line":234,"column":3}},"line":228},"14":{"name":"(anonymous_14)","decl":{"start":{"line":230,"column":36},"end":{"line":230,"column":37}},"loc":{"start":{"line":230,"column":52},"end":{"line":232,"column":5}},"line":230},"15":{"name":"(anonymous_15)","decl":{"start":{"line":239,"column":2},"end":{"line":239,"column":3}},"loc":{"start":{"line":239,"column":34},"end":{"line":242,"column":3}},"line":239},"16":{"name":"(anonymous_16)","decl":{"start":{"line":247,"column":2},"end":{"line":247,"column":3}},"loc":{"start":{"line":247,"column":39},"end":{"line":262,"column":3}},"line":247},"17":{"name":"(anonymous_17)","decl":{"start":{"line":267,"column":2},"end":{"line":267,"column":3}},"loc":{"start":{"line":276,"column":16},"end":{"line":323,"column":3}},"line":276},"18":{"name":"(anonymous_18)","decl":{"start":{"line":315,"column":26},"end":{"line":315,"column":27}},"loc":{"start":{"line":315,"column":39},"end":{"line":315,"column":67}},"line":315}},"branchMap":{"0":{"loc":{"start":{"line":21,"column":4},"end":{"line":24,"column":5}},"type":"if","locations":[{"start":{"line":21,"column":4},"end":{"line":24,"column":5}},{"start":{},"end":{}}],"line":21},"1":{"loc":{"start":{"line":26,"column":4},"end":{"line":48,"column":5}},"type":"if","locations":[{"start":{"line":26,"column":4},"end":{"line":48,"column":5}},{"start":{},"end":{}}],"line":26},"2":{"loc":{"start":{"line":26,"column":8},"end":{"line":26,"column":49}},"type":"binary-expr","locations":[{"start":{"line":26,"column":8},"end":{"line":26,"column":32}},{"start":{"line":26,"column":36},"end":{"line":26,"column":49}}],"line":26},"3":{"loc":{"start":{"line":27,"column":29},"end":{"line":27,"column":58}},"type":"cond-expr","locations":[{"start":{"line":27,"column":51},"end":{"line":27,"column":53}},{"start":{"line":27,"column":56},"end":{"line":27,"column":58}}],"line":27},"4":{"loc":{"start":{"line":31,"column":8},"end":{"line":44,"column":9}},"type":"if","locations":[{"start":{"line":31,"column":8},"end":{"line":44,"column":9}},{"start":{"line":42,"column":15},"end":{"line":44,"column":9}}],"line":31},"5":{"loc":{"start":{"line":58,"column":15},"end":{"line":58,"column":59}},"type":"cond-expr","locations":[{"start":{"line":58,"column":25},"end":{"line":58,"column":47}},{"start":{"line":58,"column":50},"end":{"line":58,"column":59}}],"line":58},"6":{"loc":{"start":{"line":63,"column":4},"end":{"line":65,"column":5}},"type":"if","locations":[{"start":{"line":63,"column":4},"end":{"line":65,"column":5}},{"start":{},"end":{}}],"line":63},"7":{"loc":{"start":{"line":68,"column":4},"end":{"line":88,"column":5}},"type":"if","locations":[{"start":{"line":68,"column":4},"end":{"line":88,"column":5}},{"start":{},"end":{}}],"line":68},"8":{"loc":{"start":{"line":70,"column":25},"end":{"line":72,"column":12}},"type":"cond-expr","locations":[{"start":{"line":71,"column":10},"end":{"line":71,"column":45}},{"start":{"line":72,"column":10},"end":{"line":72,"column":12}}],"line":70},"9":{"loc":{"start":{"line":74,"column":6},"end":{"line":87,"column":7}},"type":"switch","locations":[{"start":{"line":75,"column":8},"end":{"line":77,"column":16}},{"start":{"line":78,"column":8},"end":{"line":80,"column":16}},{"start":{"line":81,"column":8},"end":{"line":83,"column":16}},{"start":{"line":84,"column":8},"end":{"line":86,"column":16}}],"line":74},"10":{"loc":{"start":{"line":111,"column":16},"end":{"line":111,"column":34}},"type":"default-arg","locations":[{"start":{"line":111,"column":32},"end":{"line":111,"column":34}}],"line":111},"11":{"loc":{"start":{"line":143,"column":4},"end":{"line":146,"column":5}},"type":"if","locations":[{"start":{"line":143,"column":4},"end":{"line":146,"column":5}},{"start":{},"end":{}}],"line":143},"12":{"loc":{"start":{"line":180,"column":4},"end":{"line":186,"column":5}},"type":"if","locations":[{"start":{"line":180,"column":4},"end":{"line":186,"column":5}},{"start":{"line":183,"column":11},"end":{"line":186,"column":5}}],"line":180},"13":{"loc":{"start":{"line":180,"column":8},"end":{"line":180,"column":73}},"type":"binary-expr","locations":[{"start":{"line":180,"column":8},"end":{"line":180,"column":42}},{"start":{"line":180,"column":46},"end":{"line":180,"column":73}}],"line":180},"14":{"loc":{"start":{"line":191,"column":4},"end":{"line":207,"column":5}},"type":"if","locations":[{"start":{"line":191,"column":4},"end":{"line":207,"column":5}},{"start":{"line":202,"column":11},"end":{"line":207,"column":5}}],"line":191},"15":{"loc":{"start":{"line":202,"column":11},"end":{"line":207,"column":5}},"type":"if","locations":[{"start":{"line":202,"column":11},"end":{"line":207,"column":5}},{"start":{},"end":{}}],"line":202},"16":{"loc":{"start":{"line":213,"column":40},"end":{"line":213,"column":59}},"type":"default-arg","locations":[{"start":{"line":213,"column":56},"end":{"line":213,"column":59}}],"line":213},"17":{"loc":{"start":{"line":216,"column":6},"end":{"line":216,"column":61}},"type":"binary-expr","locations":[{"start":{"line":216,"column":6},"end":{"line":216,"column":56}},{"start":{"line":216,"column":60},"end":{"line":216,"column":61}}],"line":216},"18":{"loc":{"start":{"line":218,"column":4},"end":{"line":222,"column":5}},"type":"if","locations":[{"start":{"line":218,"column":4},"end":{"line":222,"column":5}},{"start":{},"end":{}}],"line":218},"19":{"loc":{"start":{"line":249,"column":4},"end":{"line":251,"column":5}},"type":"if","locations":[{"start":{"line":249,"column":4},"end":{"line":251,"column":5}},{"start":{},"end":{}}],"line":249},"20":{"loc":{"start":{"line":257,"column":4},"end":{"line":259,"column":5}},"type":"if","locations":[{"start":{"line":257,"column":4},"end":{"line":259,"column":5}},{"start":{},"end":{}}],"line":257},"21":{"loc":{"start":{"line":270,"column":4},"end":{"line":275,"column":10}},"type":"default-arg","locations":[{"start":{"line":275,"column":8},"end":{"line":275,"column":10}}],"line":270},"22":{"loc":{"start":{"line":278,"column":6},"end":{"line":278,"column":21}},"type":"default-arg","locations":[{"start":{"line":278,"column":20},"end":{"line":278,"column":21}}],"line":278},"23":{"loc":{"start":{"line":279,"column":6},"end":{"line":279,"column":26}},"type":"default-arg","locations":[{"start":{"line":279,"column":23},"end":{"line":279,"column":26}}],"line":279},"24":{"loc":{"start":{"line":280,"column":6},"end":{"line":280,"column":23}},"type":"default-arg","locations":[{"start":{"line":280,"column":19},"end":{"line":280,"column":23}}],"line":280},"25":{"loc":{"start":{"line":281,"column":6},"end":{"line":281,"column":27}},"type":"default-arg","locations":[{"start":{"line":281,"column":26},"end":{"line":281,"column":27}}],"line":281},"26":{"loc":{"start":{"line":292,"column":8},"end":{"line":294,"column":9}},"type":"if","locations":[{"start":{"line":292,"column":8},"end":{"line":294,"column":9}},{"start":{},"end":{}}],"line":292},"27":{"loc":{"start":{"line":300,"column":8},"end":{"line":305,"column":9}},"type":"if","locations":[{"start":{"line":300,"column":8},"end":{"line":305,"column":9}},{"start":{},"end":{}}],"line":300},"28":{"loc":{"start":{"line":322,"column":10},"end":{"line":322,"column":69}},"type":"binary-expr","locations":[{"start":{"line":322,"column":10},"end":{"line":322,"column":19}},{"start":{"line":322,"column":23},"end":{"line":322,"column":69}}],"line":322}},"s":{"0":6,"1":6,"2":6,"3":198,"4":185,"5":13,"6":10,"7":10,"8":18,"9":4,"10":14,"11":10,"12":3,"13":177,"14":177,"15":177,"16":50,"17":177,"18":177,"19":177,"20":177,"21":10,"22":10,"23":160,"24":160,"25":5,"26":5,"27":2,"28":2,"29":10,"30":160,"31":5,"32":2,"33":8,"34":16,"35":6,"36":6,"37":6,"38":3,"39":3,"40":3,"41":3,"42":1,"43":1,"44":2,"45":2,"46":2,"47":2,"48":2,"49":1,"50":1,"51":1,"52":1,"53":1,"54":2,"55":2,"56":0,"57":2,"58":2,"59":2,"60":0,"61":0,"62":2,"63":0,"64":1,"65":1,"66":1,"67":1,"68":4,"69":4,"70":3,"71":4,"72":8,"73":8,"74":0,"75":0,"76":0,"77":0,"78":0,"79":0,"80":1,"81":1,"82":1,"83":1,"84":1,"85":3,"86":3,"87":3,"88":1,"89":1,"90":1,"91":2,"92":2,"93":0,"94":0,"95":2,"96":2,"97":2,"98":2,"99":0,"100":6},"f":{"0":198,"1":177,"2":10,"3":160,"4":5,"5":2,"6":8,"7":16,"8":3,"9":3,"10":1,"11":2,"12":1,"13":4,"14":3,"15":8,"16":0,"17":1,"18":2},"b":{"0":[185,13],"1":[10,3],"2":[13,10],"3":[1,9],"4":[4,14],"5":[7,170],"6":[50,127],"7":[177,0],"8":[7,170],"9":[10,160,5,2],"10":[2],"11":[1,2],"12":[0,2],"13":[2,2],"14":[0,2],"15":[0,2],"16":[0],"17":[1,0],"18":[1,0],"19":[0,0],"20":[0,0],"21":[0],"22":[0],"23":[0],"24":[0],"25":[0],"26":[1,0],"27":[0,2],"28":[0,0]},"_coverageSchema":"1a1c01bbd47fc00a2c39e90264f33305004495a9","hash":"8831e4b3104b6f03c85c21e740df46294dc35dd4"}
}
