TN:
SF:src/NativeDlScan.ts
FNF:0
FNH:0
LF:0
LH:0
BRF:0
BRH:0
end_of_record
TN:
SF:src/index.tsx
FN:32,parseOCRText
FN:65,scanLicense
FN:99,(anonymous_2)
FNF:3
FNH:3
FNDA:11,parseOCRText
FNDA:277,scanLicense
FNDA:24,(anonymous_2)
DA:35,11
DA:37,11
DA:39,11
DA:40,9
DA:41,2
DA:42,2
DA:44,0
DA:47,2
DA:48,2
DA:52,0
DA:66,277
DA:67,277
DA:69,273
DA:70,265
DA:71,8
DA:72,6
DA:74,2
DA:77,12
DA:78,6
DA:82,6
DA:100,24
DA:101,24
DA:102,24
DA:103,24
DA:104,24
LF:25
LH:23
BRDA:39,0,0,9
BRDA:39,0,1,2
BRDA:39,1,0,11
BRDA:39,1,1,9
BRDA:41,2,0,2
BRDA:41,2,1,0
BRDA:47,3,0,2
BRDA:47,3,1,0
BRDA:54,4,0,0
BRDA:54,4,1,0
BRDA:69,5,0,265
BRDA:69,5,1,8
BRDA:69,6,0,273
BRDA:69,6,1,265
BRDA:71,7,0,6
BRDA:71,7,1,2
BRDA:77,8,0,6
BRDA:77,8,1,6
BRDA:84,9,0,6
BRDA:84,9,1,0
BRF:20
BRH:15
end_of_record
TN:
SF:src/components/CameraScanner.tsx
FN:26,(anonymous_0)
FN:37,(anonymous_1)
FN:40,(anonymous_2)
FN:48,(anonymous_3)
FN:50,(anonymous_4)
FN:62,(anonymous_5)
FN:67,(anonymous_6)
FN:73,(anonymous_7)
FN:79,(anonymous_8)
FN:91,(anonymous_9)
FN:92,(anonymous_10)
FN:127,(anonymous_11)
FN:135,(anonymous_12)
FNF:13
FNH:0
FNDA:0,(anonymous_0)
FNDA:0,(anonymous_1)
FNDA:0,(anonymous_2)
FNDA:0,(anonymous_3)
FNDA:0,(anonymous_4)
FNDA:0,(anonymous_5)
FNDA:0,(anonymous_6)
FNDA:0,(anonymous_7)
FNDA:0,(anonymous_8)
FNDA:0,(anonymous_9)
FNDA:0,(anonymous_10)
FNDA:0,(anonymous_11)
FNDA:0,(anonymous_12)
DA:26,5
DA:30,0
DA:31,0
DA:32,0
DA:33,0
DA:34,0
DA:35,0
DA:37,0
DA:39,0
DA:40,0
DA:41,0
DA:42,0
DA:48,0
DA:49,0
DA:50,0
DA:51,0
DA:52,0
DA:53,0
DA:54,0
DA:62,0
DA:64,0
DA:67,0
DA:68,0
DA:69,0
DA:70,0
DA:73,0
DA:74,0
DA:75,0
DA:78,0
DA:83,0
DA:84,0
DA:87,0
DA:88,0
DA:91,0
DA:92,0
DA:93,0
DA:97,0
DA:98,0
DA:102,0
DA:103,0
DA:104,0
DA:105,0
DA:107,0
DA:111,0
DA:112,0
DA:116,0
DA:117,0
DA:121,0
DA:127,0
DA:128,0
DA:135,0
DA:142,0
DA:143,0
DA:152,0
DA:153,0
DA:167,0
DA:168,0
DA:175,0
DA:204,5
LF:59
LH:2
BRDA:39,0,0,0
BRDA:39,0,1,0
BRDA:49,1,0,0
BRDA:49,1,1,0
BRDA:49,2,0,0
BRDA:49,2,1,0
BRDA:51,3,0,0
BRDA:51,3,1,0
BRDA:75,4,0,0
BRDA:75,4,1,0
BRDA:83,5,0,0
BRDA:83,5,1,0
BRDA:97,6,0,0
BRDA:97,6,1,0
BRDA:102,7,0,0
BRDA:102,7,1,0
BRDA:102,8,0,0
BRDA:102,8,1,0
BRDA:105,9,0,0
BRDA:105,9,1,0
BRDA:107,10,0,0
BRDA:107,10,1,0
BRDA:108,11,0,0
BRDA:108,11,1,0
BRDA:116,12,0,0
BRDA:116,12,1,0
BRDA:142,13,0,0
BRDA:142,13,1,0
BRDA:152,14,0,0
BRDA:152,14,1,0
BRDA:167,15,0,0
BRDA:167,15,1,0
BRDA:184,16,0,0
BRDA:184,16,1,0
BRDA:191,17,0,0
BRDA:191,17,1,0
BRDA:196,18,0,0
BRDA:196,18,1,0
BRF:38
BRH:0
end_of_record
TN:
SF:src/frameProcessors/scanLicense.ts
FN:23,scanLicense
FNF:1
FNH:1
FNDA:96,scanLicense
DA:6,11
DA:26,96
DA:27,1
DA:31,95
DA:34,95
DA:35,1
DA:39,94
DA:40,93
DA:44,1
LF:9
LH:9
BRDA:26,0,0,1
BRDA:26,0,1,95
BRDA:34,1,0,1
BRDA:34,1,1,94
BRDA:39,2,0,93
BRDA:39,2,1,1
BRDA:39,3,0,94
BRDA:39,3,1,94
BRDA:39,3,2,94
BRF:9
BRH:9
end_of_record
TN:
SF:src/hooks/useErrorHandler.ts
FN:10,useErrorHandler
FN:15,(anonymous_1)
FN:33,(anonymous_2)
FN:50,(anonymous_3)
FN:108,(anonymous_4)
FN:125,(anonymous_5)
FNF:6
FNH:6
FNDA:43,useErrorHandler
FNDA:31,(anonymous_1)
FNDA:31,(anonymous_2)
FNDA:1,(anonymous_3)
FNDA:1,(anonymous_4)
FNDA:1,(anonymous_5)
DA:11,43
DA:12,43
DA:14,43
DA:17,31
DA:31,31
DA:33,31
DA:34,31
DA:37,31
DA:39,3
DA:51,1
DA:52,1
DA:58,3
DA:61,1
DA:77,1
DA:81,2
DA:92,2
DA:96,25
DA:97,4
DA:109,1
DA:110,1
DA:119,31
DA:125,43
DA:126,1
DA:127,1
DA:130,43
LF:25
LH:25
BRDA:17,0,0,30
BRDA:17,0,1,1
BRDA:37,1,0,3
BRDA:37,1,1,1
BRDA:37,1,2,1
BRDA:37,1,3,2
BRDA:37,1,4,25
BRDA:96,2,0,4
BRDA:96,2,1,21
BRDA:96,3,0,25
BRDA:96,3,1,24
BRF:11
BRH:11
end_of_record
TN:
SF:src/hooks/useLicenseScanner.ts
FN:50,useLicenseScanner
FN:68,(anonymous_1)
FN:70,(anonymous_2)
FN:82,(anonymous_3)
FN:87,(anonymous_4)
FN:88,(anonymous_5)
FN:90,(anonymous_6)
FN:94,(anonymous_7)
FN:131,(anonymous_8)
FN:144,(anonymous_9)
FN:218,(anonymous_10)
FN:226,(anonymous_11)
FN:234,(anonymous_12)
FN:241,(anonymous_13)
FN:252,(anonymous_14)
FN:261,(anonymous_15)
FN:275,(anonymous_16)
FNF:17
FNH:16
FNDA:78,useLicenseScanner
FNDA:34,(anonymous_1)
FNDA:20,(anonymous_2)
FNDA:5,(anonymous_3)
FNDA:11,(anonymous_4)
FNDA:11,(anonymous_5)
FNDA:11,(anonymous_6)
FNDA:0,(anonymous_7)
FNDA:34,(anonymous_8)
FNDA:29,(anonymous_9)
FNDA:9,(anonymous_10)
FNDA:2,(anonymous_11)
FNDA:6,(anonymous_12)
FNDA:2,(anonymous_13)
FNDA:2,(anonymous_14)
FNDA:2,(anonymous_15)
FNDA:2,(anonymous_16)
DA:53,78
DA:54,78
DA:55,78
DA:56,78
DA:57,78
DA:60,78
DA:61,78
DA:63,78
DA:65,78
DA:68,78
DA:69,34
DA:71,20
DA:73,20
DA:74,13
DA:75,7
DA:76,6
DA:77,1
DA:78,1
DA:80,20
DA:83,5
DA:84,5
DA:85,5
DA:88,11
DA:89,11
DA:90,11
DA:92,11
DA:95,0
DA:98,0
DA:99,0
DA:114,34
DA:126,34
DA:131,34
DA:132,34
DA:133,34
DA:143,78
DA:145,29
DA:146,29
DA:147,0
DA:155,29
DA:156,29
DA:157,29
DA:158,29
DA:159,29
DA:160,29
DA:162,29
DA:164,29
DA:165,5
DA:167,24
DA:170,29
DA:176,29
DA:177,29
DA:181,21
DA:183,21
DA:192,11
DA:201,11
DA:203,11
DA:210,28
DA:217,78
DA:219,9
DA:225,78
DA:227,2
DA:233,78
DA:235,6
DA:241,78
DA:242,2
DA:243,2
DA:245,2
DA:246,2
DA:247,2
DA:251,78
DA:253,2
DA:254,2
DA:255,2
DA:261,78
DA:262,2
DA:263,2
DA:264,2
DA:265,2
DA:266,2
DA:267,2
DA:268,2
DA:269,2
DA:270,2
DA:271,2
DA:275,78
DA:276,2
DA:279,78
LF:87
LH:83
BRDA:51,0,0,66
BRDA:56,1,0,78
BRDA:56,1,1,66
BRDA:73,2,0,13
BRDA:73,2,1,7
BRDA:75,3,0,6
BRDA:75,3,1,1
BRDA:77,4,0,1
BRDA:77,4,1,0
BRDA:98,5,0,0
BRDA:98,5,1,0
BRDA:105,6,0,0
BRDA:105,6,1,0
BRDA:115,7,0,34
BRDA:115,7,1,1
BRDA:118,8,0,34
BRDA:118,8,1,1
BRDA:121,9,0,34
BRDA:121,9,1,1
BRDA:132,10,0,34
BRDA:132,10,1,0
BRDA:145,11,0,29
BRDA:145,11,1,9
BRDA:145,11,2,6
BRDA:146,12,0,0
BRDA:146,12,1,29
BRDA:162,13,0,25
BRDA:162,13,1,4
BRDA:164,14,0,5
BRDA:164,14,1,24
BRDA:164,15,0,29
BRDA:164,15,1,25
BRDA:173,16,0,25
BRDA:173,16,1,4
BRDA:192,17,0,6
BRDA:192,17,1,5
BRDA:242,18,0,2
BRDA:242,18,1,0
BRDA:253,19,0,2
BRDA:253,19,1,0
BRDA:265,20,0,2
BRDA:265,20,1,1
BRDA:270,21,0,2
BRDA:270,21,1,0
BRF:44
BRH:34
end_of_record
TN:
SF:src/test-utils/mockOCRData.ts
FN:11,generateMockOCRData
FN:49,generateMockOCRDataWithConfidence
FN:52,(anonymous_2)
FN:61,generateMockOCRDataForState
FN:67,(anonymous_4)
FN:83,generateLowQualityMockOCRData
FN:106,generateEmptyMockOCRData
FN:113,generatePartialMockOCRData
FNF:8
FNH:1
FNDA:5,generateMockOCRData
FNDA:0,generateMockOCRDataWithConfidence
FNDA:0,(anonymous_2)
FNDA:0,generateMockOCRDataForState
FNDA:0,(anonymous_4)
FNDA:0,generateLowQualityMockOCRData
FNDA:0,generateEmptyMockOCRData
FNDA:0,generatePartialMockOCRData
DA:12,5
DA:52,0
DA:64,0
DA:67,0
DA:68,0
DA:69,0
DA:74,0
DA:77,0
DA:84,0
DA:107,0
DA:114,0
DA:132,1
LF:12
LH:2
BRDA:68,0,0,0
BRDA:68,0,1,0
BRF:2
BRH:0
end_of_record
TN:
SF:src/types/license.ts
FNF:0
FNH:0
LF:0
LH:0
BRF:0
BRH:0
end_of_record
TN:
SF:src/utils/FallbackController.ts
FN:41,(anonymous_0)
FN:63,(anonymous_1)
FN:149,(anonymous_2)
FN:196,(anonymous_3)
FN:201,(anonymous_4)
FN:206,(anonymous_5)
FN:207,(anonymous_6)
FN:273,(anonymous_7)
FN:280,(anonymous_8)
FN:288,(anonymous_9)
FN:289,(anonymous_10)
FN:304,(anonymous_11)
FN:345,(anonymous_12)
FN:352,(anonymous_13)
FN:360,(anonymous_14)
FN:367,(anonymous_15)
FN:368,(anonymous_16)
FN:384,(anonymous_17)
FN:387,(anonymous_18)
FN:431,(anonymous_19)
FN:471,(anonymous_20)
FN:488,(anonymous_21)
FN:495,(anonymous_22)
FN:514,(anonymous_23)
FN:516,(anonymous_24)
FN:526,(anonymous_25)
FN:566,(anonymous_26)
FN:574,(anonymous_27)
FN:592,(anonymous_28)
FN:604,(anonymous_29)
FN:618,(anonymous_30)
FN:640,(anonymous_31)
FN:651,(anonymous_32)
FN:663,(anonymous_33)
FN:671,(anonymous_34)
FN:678,(anonymous_35)
FN:685,(anonymous_36)
FN:692,(anonymous_37)
FN:699,(anonymous_38)
FNF:39
FNH:37
FNDA:20,(anonymous_0)
FNDA:15,(anonymous_1)
FNDA:4,(anonymous_2)
FNDA:3,(anonymous_3)
FNDA:3,(anonymous_4)
FNDA:3,(anonymous_5)
FNDA:3,(anonymous_6)
FNDA:12,(anonymous_7)
FNDA:12,(anonymous_8)
FNDA:12,(anonymous_9)
FNDA:1,(anonymous_10)
FNDA:12,(anonymous_11)
FNDA:5,(anonymous_12)
FNDA:22,(anonymous_13)
FNDA:5,(anonymous_14)
FNDA:5,(anonymous_15)
FNDA:2,(anonymous_16)
FNDA:5,(anonymous_17)
FNDA:4,(anonymous_18)
FNDA:4,(anonymous_19)
FNDA:5,(anonymous_20)
FNDA:23,(anonymous_21)
FNDA:22,(anonymous_22)
FNDA:20,(anonymous_23)
FNDA:20,(anonymous_24)
FNDA:3,(anonymous_25)
FNDA:36,(anonymous_26)
FNDA:53,(anonymous_27)
FNDA:3,(anonymous_28)
FNDA:18,(anonymous_29)
FNDA:53,(anonymous_30)
FNDA:1,(anonymous_31)
FNDA:15,(anonymous_32)
FNDA:3,(anonymous_33)
FNDA:3,(anonymous_34)
FNDA:2,(anonymous_35)
FNDA:2,(anonymous_36)
FNDA:0,(anonymous_37)
FNDA:0,(anonymous_38)
DA:32,20
DA:33,20
DA:34,20
DA:36,20
DA:39,20
DA:45,20
DA:52,20
DA:55,20
DA:57,20
DA:67,15
DA:68,15
DA:69,15
DA:70,15
DA:73,15
DA:74,15
DA:76,15
DA:81,15
DA:83,15
DA:85,15
DA:86,2
DA:89,13
DA:90,8
DA:94,5
DA:95,4
DA:96,4
DA:98,1
DA:99,0
DA:106,1
DA:110,1
DA:117,6
DA:118,6
DA:119,6
DA:122,15
DA:125,15
DA:126,0
DA:152,4
DA:153,4
DA:154,0
DA:155,0
DA:157,4
DA:158,4
DA:163,4
DA:164,1
DA:169,3
DA:170,3
DA:171,1
DA:172,2
DA:176,0
DA:179,3
DA:185,3
DA:190,3
DA:193,3
DA:196,3
DA:198,3
DA:201,3
DA:202,3
DA:206,3
DA:207,3
DA:208,3
DA:221,3
DA:222,3
DA:224,0
DA:225,0
DA:238,0
DA:242,3
DA:243,3
DA:244,0
DA:259,3
DA:260,3
DA:266,3
DA:274,12
DA:276,12
DA:278,12
DA:281,12
DA:282,12
DA:285,12
DA:288,12
DA:289,12
DA:290,1
DA:302,12
DA:305,12
DA:309,12
DA:311,5
DA:312,5
DA:318,5
DA:329,7
DA:330,6
DA:333,1
DA:348,5
DA:352,22
DA:355,5
DA:358,5
DA:361,5
DA:364,5
DA:367,5
DA:368,5
DA:369,2
DA:382,5
DA:386,5
DA:387,4
DA:389,5
DA:393,5
DA:399,4
DA:405,4
DA:407,4
DA:409,4
DA:410,4
DA:417,4
DA:433,4
DA:434,0
DA:438,4
DA:439,4
DA:441,1
DA:445,3
DA:446,1
DA:450,2
DA:451,0
DA:455,2
DA:456,2
DA:462,2
DA:465,0
DA:475,5
DA:476,5
DA:478,5
DA:479,8
DA:483,5
DA:485,5
DA:487,8
DA:488,23
DA:490,8
DA:494,5
DA:495,22
DA:498,5
DA:504,5
DA:516,20
DA:517,20
DA:518,20
DA:529,3
DA:567,36
DA:568,36
DA:575,53
DA:577,53
DA:586,53
DA:597,3
DA:598,3
DA:605,18
DA:607,18
DA:612,18
DA:619,53
DA:621,1
DA:623,24
DA:625,10
DA:627,3
DA:629,9
DA:631,6
DA:633,0
DA:641,1
DA:642,0
DA:644,1
DA:645,1
DA:652,15
DA:653,15
DA:654,15
DA:655,15
DA:656,0
DA:664,3
DA:665,3
DA:672,3
DA:679,2
DA:686,2
DA:693,0
DA:700,0
DA:702,0
DA:703,0
LF:174
LH:155
BRDA:42,0,0,0
BRDA:65,1,0,0
BRDA:78,2,0,12
BRDA:78,2,1,3
BRDA:85,3,0,2
BRDA:85,3,1,13
BRDA:85,4,0,15
BRDA:85,4,1,13
BRDA:89,5,0,8
BRDA:89,5,1,5
BRDA:94,6,0,4
BRDA:94,6,1,1
BRDA:98,7,0,0
BRDA:98,7,1,1
BRDA:125,8,0,0
BRDA:125,8,1,15
BRDA:125,9,0,15
BRDA:125,9,1,15
BRDA:163,10,0,1
BRDA:163,10,1,3
BRDA:170,11,0,1
BRDA:170,11,1,2
BRDA:172,12,0,0
BRDA:172,12,1,2
BRDA:173,13,0,2
BRDA:173,13,1,2
BRDA:243,14,0,0
BRDA:243,14,1,3
BRDA:243,15,0,3
BRDA:243,15,1,3
BRDA:316,16,0,5
BRDA:316,16,1,5
BRDA:329,17,0,6
BRDA:329,17,1,1
BRDA:353,18,0,5
BRDA:353,18,1,0
BRDA:386,19,0,4
BRDA:386,19,1,1
BRDA:415,20,0,4
BRDA:415,20,1,4
BRDA:433,21,0,0
BRDA:433,21,1,4
BRDA:439,22,0,1
BRDA:439,22,1,3
BRDA:445,23,0,1
BRDA:445,23,1,2
BRDA:450,24,0,0
BRDA:450,24,1,2
BRDA:455,25,0,2
BRDA:455,25,1,0
BRDA:505,26,0,5
BRDA:505,26,1,0
BRDA:575,27,0,0
BRDA:575,27,1,53
BRDA:597,28,0,0
BRDA:597,28,1,3
BRDA:605,29,0,0
BRDA:605,29,1,18
BRDA:619,30,0,1
BRDA:619,30,1,24
BRDA:619,30,2,10
BRDA:619,30,3,3
BRDA:619,30,4,9
BRDA:619,30,5,6
BRDA:619,30,6,0
BRDA:641,31,0,0
BRDA:641,31,1,1
BRDA:655,32,0,0
BRDA:655,32,1,15
BRDA:702,33,0,0
BRDA:702,33,1,0
BRF:71
BRH:52
end_of_record
TN:
SF:src/utils/logger.ts
FN:20,(anonymous_0)
FN:53,(anonymous_1)
FN:91,(anonymous_2)
FN:95,(anonymous_3)
FN:99,(anonymous_4)
FN:103,(anonymous_5)
FN:111,(anonymous_6)
FN:118,(anonymous_7)
FN:133,(anonymous_8)
FN:141,(anonymous_9)
FN:162,(anonymous_10)
FN:175,(anonymous_11)
FN:213,(anonymous_12)
FN:228,(anonymous_13)
FN:230,(anonymous_14)
FN:239,(anonymous_15)
FN:247,(anonymous_16)
FN:267,(anonymous_17)
FN:315,(anonymous_18)
FNF:19
FNH:18
FNDA:198,(anonymous_0)
FNDA:177,(anonymous_1)
FNDA:10,(anonymous_2)
FNDA:160,(anonymous_3)
FNDA:5,(anonymous_4)
FNDA:2,(anonymous_5)
FNDA:8,(anonymous_6)
FNDA:16,(anonymous_7)
FNDA:3,(anonymous_8)
FNDA:3,(anonymous_9)
FNDA:1,(anonymous_10)
FNDA:2,(anonymous_11)
FNDA:1,(anonymous_12)
FNDA:4,(anonymous_13)
FNDA:3,(anonymous_14)
FNDA:8,(anonymous_15)
FNDA:0,(anonymous_16)
FNDA:1,(anonymous_17)
FNDA:2,(anonymous_18)
DA:16,6
DA:17,6
DA:18,6
DA:21,198
DA:23,185
DA:26,13
DA:27,10
DA:29,10
DA:31,18
DA:41,4
DA:43,14
DA:47,10
DA:50,3
DA:54,177
DA:62,177
DA:63,177
DA:64,50
DA:68,177
DA:69,177
DA:70,177
DA:74,177
DA:76,10
DA:77,10
DA:79,160
DA:80,160
DA:82,5
DA:83,5
DA:85,2
DA:86,2
DA:92,10
DA:96,160
DA:100,5
DA:104,2
DA:112,8
DA:119,16
DA:123,6
DA:124,6
DA:125,6
DA:134,3
DA:135,3
DA:142,3
DA:143,3
DA:144,1
DA:145,1
DA:148,2
DA:149,2
DA:151,2
DA:154,2
DA:156,2
DA:163,1
DA:164,1
DA:165,1
DA:166,1
DA:168,1
DA:178,2
DA:180,2
DA:181,0
DA:185,2
DA:188,2
DA:191,2
DA:192,0
DA:201,0
DA:202,2
DA:203,0
DA:214,1
DA:216,1
DA:218,1
DA:219,1
DA:229,4
DA:230,4
DA:231,3
DA:233,4
DA:240,8
DA:241,8
DA:249,0
DA:250,0
DA:254,0
DA:257,0
DA:258,0
DA:261,0
DA:282,1
DA:284,1
DA:285,1
DA:287,1
DA:288,3
DA:289,3
DA:290,3
DA:292,1
DA:293,1
DA:296,1
DA:298,2
DA:300,2
DA:301,0
DA:304,0
DA:307,2
DA:315,2
DA:318,2
DA:322,0
DA:327,6
LF:99
LH:86
BRDA:21,0,0,185
BRDA:21,0,1,13
BRDA:26,1,0,10
BRDA:26,1,1,3
BRDA:26,2,0,13
BRDA:26,2,1,10
BRDA:27,3,0,1
BRDA:27,3,1,9
BRDA:31,4,0,4
BRDA:31,4,1,14
BRDA:58,5,0,7
BRDA:58,5,1,170
BRDA:63,6,0,50
BRDA:63,6,1,127
BRDA:68,7,0,177
BRDA:68,7,1,0
BRDA:70,8,0,7
BRDA:70,8,1,170
BRDA:74,9,0,10
BRDA:74,9,1,160
BRDA:74,9,2,5
BRDA:74,9,3,2
BRDA:111,10,0,2
BRDA:143,11,0,1
BRDA:143,11,1,2
BRDA:180,12,0,0
BRDA:180,12,1,2
BRDA:180,13,0,2
BRDA:180,13,1,2
BRDA:191,14,0,0
BRDA:191,14,1,2
BRDA:202,15,0,0
BRDA:202,15,1,2
BRDA:213,16,0,0
BRDA:216,17,0,1
BRDA:216,17,1,0
BRDA:218,18,0,1
BRDA:218,18,1,0
BRDA:249,19,0,0
BRDA:249,19,1,0
BRDA:257,20,0,0
BRDA:257,20,1,0
BRDA:270,21,0,0
BRDA:278,22,0,0
BRDA:279,23,0,0
BRDA:280,24,0,0
BRDA:281,25,0,0
BRDA:292,26,0,1
BRDA:292,26,1,0
BRDA:300,27,0,0
BRDA:300,27,1,2
BRDA:322,28,0,0
BRDA:322,28,1,0
BRF:53
BRH:33
end_of_record
